2026-06-09 03:27:38,784 [INFO] [STATE] State from 2026-06-08 — resetting trades_today for 2026-06-09
2026-06-09 03:27:38,784 [INFO] [STATE] Loaded prior state. POS.active=False losses=0
2026-06-09 03:27:40,582 [INFO] [BOOT] Nifty FUT token: 15956226 expiry=2026-06-30 sym=NIFTY26JUNFUT
2026-06-09 03:27:40,595 [INFO] [BOOT] Expiry: 2026-06-09, 101 strikes, 202 option contracts
2026-06-09 03:27:41,965 [WARNING] [OI Plan] Stale plan (2026-06-01) — ignoring for today's levels
2026-06-09 03:27:41,966 [INFO] [OI Plan] No valid plan found — running without OI levels (normal mode)
2026-06-09 03:27:41,966 [INFO] 
2026-06-09 03:27:41,966 [INFO] +========================================================================+
2026-06-09 03:27:41,966 [INFO] | ORION V2.5.12 — STRATEGY DESIGN                                        |
2026-06-09 03:27:41,966 [INFO] | Backtest: 363 trades | PnL Rs +6,88,158 | WR 64.5% | MaxDD -1,119     |
2026-06-09 03:27:41,966 [INFO] +========================================================================+
2026-06-09 03:27:41,966 [INFO] | ENGINE V2 (fires every 15m close — regime: BULL/BEAR/TRANSITION only)  |
2026-06-09 03:27:41,967 [INFO] |   CE: 1h close>SMA20>SMA50 | K>=38 rising | K<25 recently             |
2026-06-09 03:27:41,967 [INFO] |        RSI>53 | MACD bull | premium 30-180                             |
2026-06-09 03:27:41,967 [INFO] |   PE: 1h close<SMA20<SMA50 | K<=80 falling K>=25 | K>75 recently      |
2026-06-09 03:27:41,967 [INFO] |        RSI<47 | MACD bear | premium 30-300                             |
2026-06-09 03:27:41,967 [INFO] |                                                                         |
2026-06-09 03:27:41,967 [INFO] | ENGINE V3 (15m G/R cluster break/reject — fires in any regime)         |
2026-06-09 03:27:41,967 [INFO] |   Grade A (>=3 source kinds) / Grade B (>=2)                           |
2026-06-09 03:27:41,967 [INFO] |   PDC excluded from clusters; G/R need >=25pt buffer from PDC          |
2026-06-09 03:27:41,967 [INFO] |   premium 30-180 CE / 30-300 PE                                        |
2026-06-09 03:27:41,967 [INFO] |                                                                         |
2026-06-09 03:27:41,967 [INFO] | ENGINE VWAP (triple confirmation — fires in any regime)                 |
2026-06-09 03:27:41,967 [INFO] |   1. Nifty FUTURES 15m close crosses FUT VWAP, body>=50% (PRIMARY)     |
2026-06-09 03:27:41,967 [INFO] |   2. Nifty SPOT 15m close same direction above/below spot VWAP         |
2026-06-09 03:27:41,967 [INFO] |   3. ATM CE/PE LTP also above/below its daily VWAP simultaneously      |
2026-06-09 03:27:41,967 [INFO] |   premium 30-180 CE / 30-300 PE                                        |
2026-06-09 03:27:41,967 [INFO] |                                                                         |
2026-06-09 03:27:41,967 [INFO] | ENGINE FLIP (opposite-side only, max 3/day, excluded from CB)          |
2026-06-09 03:27:41,967 [INFO] |   Path A (in-trade): elapsed>=30 + peak>=entry+15 + LTP<=entry+10      |
2026-06-09 03:27:41,967 [INFO] |   Path B (post-exit): K reversal within 60min                          |
2026-06-09 03:27:41,967 [INFO] |                                                                         |
2026-06-09 03:27:41,968 [INFO] | UNIVERSAL EXIT (priority order):                                        |
2026-06-09 03:27:41,968 [INFO] |   1. HARDSL -18%  2. Velvet Rope peak+12->SL entry+2                  |
2026-06-09 03:27:41,968 [INFO] |   3. Ladder T2: peak+24->SL entry+12 (immediate, no time gate)         |
2026-06-09 03:27:41,968 [INFO] |   4. Ladder T3: peak+36->SL entry+24 (immediate)                       |
2026-06-09 03:27:41,968 [INFO] |   5. Runner +25/+25  6. SMA8(low) trail  7. Force close 15:25          |
2026-06-09 03:27:41,968 [INFO] |   8. CB=3 non-flip losses                                               |
2026-06-09 03:27:41,968 [INFO] |                                                                         |
2026-06-09 03:27:41,968 [INFO] | INFORMATIONAL (no trade gate): Straddle alerts | Options VWAP          |
2026-06-09 03:27:41,968 [INFO] +========================================================================+
2026-06-09 03:27:41,968 [INFO] 
2026-06-09 03:27:41,968 [INFO] === ORION CHANGE HISTORY (V2.2.2 -> V2.5.9) ===
2026-06-09 03:27:41,968 [INFO] 
2026-06-09 03:27:41,968 [INFO] V2.2.2 [PRODUCTION BASELINE — T10]
2026-06-09 03:27:41,968 [INFO]   Entry : 1h SMA20/50 regime + 15m StochRSI K (CE>=38 rising, PE<=80 falling)
2026-06-09 03:27:41,968 [INFO]   Exit  : HARDSL -35%, TIME_SL 210min/-20%, BE +15% -> option SMA8(low) trail
2026-06-09 03:27:41,968 [INFO]   CB=2, 1 lot, no flip, no V3, no chop filter
2026-06-09 03:27:41,968 [INFO] 
2026-06-09 03:27:41,968 [INFO] V2.3  [+V3 CLUSTER LEVELS]
2026-06-09 03:27:41,968 [INFO]   + PDH/PDL/round_50/round_100/PDC/1h swing pivots clustered within 20pts
2026-06-09 03:27:41,969 [INFO]   + Grade A (>=3 source kinds) / Grade B (>=2)
2026-06-09 03:27:41,969 [INFO]   + ADX regime classifier (BULL/BEAR/CHOP/TRANSITION)
2026-06-09 03:27:41,969 [INFO] 
2026-06-09 03:27:41,969 [INFO] V2.4  [+EXIT UPGRADES]
2026-06-09 03:27:41,969 [INFO]   + 15m option SMA8(low) trail (KEPT in all future versions)
2026-06-09 03:27:41,969 [INFO]   + ATR-based exits (REMOVED — not robust enough)
2026-06-09 03:27:41,969 [INFO]   + BE armor at +15% (REMOVED later — net negative in backtest)
2026-06-09 03:27:41,969 [INFO] 
2026-06-09 03:27:41,969 [INFO] V2.5.0  [HYBRID V2+V3 + TIME-RATCHET]
2026-06-09 03:27:41,969 [INFO]   + Hybrid V2+V3 entry (V2 priority on same-bar tiebreak)
2026-06-09 03:27:41,969 [INFO]   + Time-ratchet exit: 90min / +20 step
2026-06-09 03:27:41,969 [INFO] 
2026-06-09 03:27:41,969 [INFO] V2.5.1  [ENTRY REFINEMENT]
2026-06-09 03:27:41,969 [INFO]   + V2 PE_floor=25 (K>=25 required for PE entry)
2026-06-09 03:27:41,969 [INFO]   + V2 CE: no upper K cap (cap tested and REJECTED — hurts WR)
2026-06-09 03:27:41,969 [INFO]   + V2 priority confirmed: +Rs 52k vs V3-priority
2026-06-09 03:27:41,969 [INFO] 
2026-06-09 03:27:41,969 [INFO] V2.5.2  [FLIP RULE +Rs 130k]
2026-06-09 03:27:41,969 [INFO]   + Path A flip (in-trade): elapsed>=30 + peak>=entry+15 + LTP<=entry+10 + K reversed
2026-06-09 03:27:41,969 [INFO]   + Path B flip (post-exit): K reversal within 60min
2026-06-09 03:27:41,970 [INFO]   + Opposite-side only (same-side continuation REJECTED: -Rs 191k CATASTROPHIC)
2026-06-09 03:27:41,970 [INFO]   + CE->PE: K falling, 25<=K<=80 | PE->CE: K rising, K>=38
2026-06-09 03:27:41,970 [INFO] 
2026-06-09 03:27:41,970 [INFO] V2.5.3  [V3 SINGLETONS + HARDSL LOCKED]
2026-06-09 03:27:41,970 [INFO]   + Promoted singletons: PDH/PDL/round_100(+-200 PDC)/swing pivots standalone Grade B
2026-06-09 03:27:41,970 [INFO]   + HARDSL locked at -25% (swept -35% to -15%; -25% optimal)
2026-06-09 03:27:41,970 [INFO]   + PnL Rs +3,14,418
2026-06-09 03:27:41,970 [INFO] 
2026-06-09 03:27:41,970 [INFO] V2.5.4  [FLIP CAP]
2026-06-09 03:27:41,970 [INFO]   + MAX_FLIPS_PER_DAY=3 (flips 1-3 win Rs 131k; flips 4+ lose Rs 21k)
2026-06-09 03:27:41,970 [INFO]   + PnL Rs +3,23,851
2026-06-09 03:27:41,970 [INFO] 
2026-06-09 03:27:41,970 [INFO] V2.5.5  [CHOP FILTER +Rs 49k]
2026-06-09 03:27:41,970 [INFO]   + RSI [47,53] indecision band blocks ALL entries
2026-06-09 03:27:41,970 [INFO]   + PnL Rs +3,72,598
2026-06-09 03:27:41,970 [INFO] 
2026-06-09 03:27:41,970 [INFO] V2.5.6  [V3 PDC CONTAMINATION FIX — LOCKED Rs 3,85,724 / WR 35.7%]
2026-06-09 03:27:41,970 [INFO]   + Exclude PDC from clustering (PDC is reference, not tradeable level)
2026-06-09 03:27:41,971 [INFO]   + G/R require >=25pt buffer from PDC (motivated by 2026-05-18 bad paper trade)
2026-06-09 03:27:41,971 [INFO]   + PnL Rs +3,85,724 / MaxDD -1,331 / Red 5/18
2026-06-09 03:27:41,971 [INFO] 
2026-06-09 03:27:41,971 [INFO] V2.5.7  [VELVET ROPE + RATCHET +Rs 1,14,324 / WR 35.7%->55.4%]
2026-06-09 03:27:41,971 [INFO]   + Velvet Rope: premium hits entry+15 -> SL immediately to entry+2
2026-06-09 03:27:41,971 [INFO]   + Ratchet Gate: 30min elapsed + entry+25 -> SL to entry+15
2026-06-09 03:27:41,971 [INFO]   + Runner Trail: +20 per +20pts peak (one-way)
2026-06-09 03:27:41,971 [INFO]   + Trade-off: Red months 5->10/18, MaxDD -1,331->-1,885
2026-06-09 03:27:41,971 [INFO] 
2026-06-09 03:27:41,971 [INFO] V2.5.8  [K EXTREME + FULL SMA ALIGNMENT]
2026-06-09 03:27:41,971 [INFO]   + K extreme filter: CE entry only if K<25 recently (3 bars); PE if K>75 recently
2026-06-09 03:27:41,971 [INFO]   + Full SMA alignment: CE needs close>SMA20>SMA50 (was just close>SMA20)
2026-06-09 03:27:41,971 [INFO] 
2026-06-09 03:27:41,971 [INFO] V2.5.9  [Rs 6,70,425 / WR 66.9% / 357 trades / MaxDD -1,485 / Red 8/18]
2026-06-09 03:27:41,971 [INFO]   + RSI DIRECTIONAL GATE replaces RSI [47,53] chop filter:
2026-06-09 03:27:41,971 [INFO]       CE: 1h RSI>53 required | PE: 1h RSI<47 required
2026-06-09 03:27:41,971 [INFO]   + MACD 1h alignment: CE needs MACD_line>signal; PE needs MACD_line<signal
2026-06-09 03:27:41,971 [INFO]   + Premium gate: 30<=entry_LTP<=180 (blocks deep OTM and IV-spike entries)
2026-06-09 03:27:41,972 [INFO]   + Tightened exit params: RI=12 (was 15), RT=20 (was 30), RS=25 (was 20)
2026-06-09 03:27:41,972 [INFO]   + CB=3 (was 4)
2026-06-09 03:27:41,972 [INFO]   + Straddle monitoring: informational Telegram at 9:45 and 11:30
2026-06-09 03:27:41,972 [INFO]   + Options VWAP: informational context at entry/pulse/exit
2026-06-09 03:27:41,972 [INFO] 
2026-06-09 03:27:41,972 [INFO] V2.5.12 [CURRENT LOCKED — Rs 6,88,158 / WR 64.5% / 363 trades / MaxDD -1,119 / Red 5/18]
2026-06-09 03:27:41,972 [INFO]   SOURCE: VRL (Vishal Rajput) code analysis — peak-based ratchet ladder
2026-06-09 03:27:41,972 [INFO]   + HARDSL tightened -25% → -18% (faster loss cut, less capital exposed)
2026-06-09 03:27:41,972 [INFO]   + 20-min time gate REMOVED — purely peak-based ladder (no waiting)
2026-06-09 03:27:41,972 [INFO]   + Ladder Tier2: peak >= entry+24 → SL = entry+12 (immediate)
2026-06-09 03:27:41,972 [INFO]   + Ladder Tier3: peak >= entry+36 → SL = entry+24 (immediate)
2026-06-09 03:27:41,972 [INFO]   + Entry logic UNCHANGED from V2.5.9
2026-06-09 03:27:41,972 [INFO]   + Validated: real option data (May 4-21 2026, 12 days)
2026-06-09 03:27:41,972 [INFO]   + Key improvement: MaxDD -1,485 → -1,119 (-25%), Red months 8 → 5
2026-06-09 03:27:41,972 [INFO] 
2026-06-09 03:27:41,972 [INFO] V2.5.12-LIVE [2026-05-29 — FIRST LIVE TRADING SESSION WITH mSTOCK EXECUTION]
2026-06-09 03:27:41,972 [INFO]   + EXECUTION_BROKER switched from kite_paper → mstock_live
2026-06-09 03:27:41,972 [INFO]   + mStock Type B API integrated: login → set_access_token → verify_totp (TOTP auto)
2026-06-09 03:27:41,972 [INFO]   + Instrument master: direct fetch from OpenAPIScripMaster (173k symbols, name field)
2026-06-09 03:27:41,972 [INFO]   + order_status: mStock returns 'Traded' status (not 'COMPLETE') — mapped correctly
2026-06-09 03:27:41,973 [INFO]   + place_order: disclosedquantity="0" required (blank causes IA400 rejection)
2026-06-09 03:27:41,973 [INFO]   + IP 18.212.243.203 (PythonAnywhere) whitelisted in mStock API settings
2026-06-09 03:27:41,973 [INFO]   + BUY: 15s timeout, cancel-and-check on timeout, abort if not filled
2026-06-09 03:27:41,973 [INFO]   + SELL: 3 retries × 5s, 🚨 CRITICAL Telegram alert if all fail, POS.active stays True
2026-06-09 03:27:41,973 [INFO]   + V3 REGIME GATE REMOVED: V3 now fires in CHOP/INSUFFICIENT regime
2026-06-09 03:27:41,973 [INFO]       Root cause of bug: regime gate wrapped ALL signals including V3;
2026-06-09 03:27:41,973 [INFO]       V3 uses cluster break/reject as its own confirmation — ADX not needed
2026-06-09 03:27:41,973 [INFO]       V2 and FLIP remain regime-gated (BULL/BEAR/TRANSITION only)
2026-06-09 03:27:41,973 [INFO]   + V3 engine: acts on ALL Grade A/B clusters simultaneously (not just nearest)
2026-06-09 03:27:41,973 [INFO]   + PREMIUM_MAX asymmetric: CE=180 (unchanged), PE=300 (was 180, captures panic moves)
2026-06-09 03:27:41,973 [INFO]   + VWAP double confirmation engine (new):
2026-06-09 03:27:41,973 [INFO]       Fires when Nifty 15m bar crosses daily VWAP with body>=50% range
2026-06-09 03:27:41,973 [INFO]       AND ATM CE/PE LTP is also above/below its daily VWAP simultaneously
2026-06-09 03:27:41,973 [INFO]       Self-confirming like V3 — no regime gate
2026-06-09 03:27:41,973 [INFO]   + LOTS_PER_TRADE = 2 (live)
2026-06-09 03:27:41,973 [INFO] 
2026-06-09 03:27:41,973 [INFO] V2.5.13 [VWAP TRAIL EXIT + BOOT SELF-TEST + STABILITY FIXES]
2026-06-09 03:27:41,973 [INFO]   + VWAP engine trades: trail exit uses option's own VWAP (15m close < option VWAP)
2026-06-09 03:27:41,973 [INFO]     instead of SMA8(low) trail — holds through pullbacks better on VWAP-confirmed moves
2026-06-09 03:27:41,973 [INFO]   + V2/V3/FLIP trades: keep original SMA8(low) trail (unchanged)
2026-06-09 03:27:41,973 [INFO]   + Boot self-test: BUY (LIMIT ₹0.05) + SELL (LIMIT ₹9999) on deep OTM option at startup
2026-06-09 03:27:41,974 [INFO]     Both must succeed and cancel cleanly or bot aborts — confirms mStock connectivity + IP
2026-06-09 03:27:41,974 [INFO]   + MStockBroker class inlined into single .py file (no separate mstock_broker.py)
2026-06-09 03:27:41,974 [INFO]   + IA403 recovery: rebuilds SDK client from scratch on IP mismatch, 3 consecutive → halt
2026-06-09 03:27:41,974 [INFO]   + Position sync cooldown: 180s → 300s (avoids false MANUAL_EXIT on slow fills)
2026-06-09 03:27:41,974 [INFO]   + MANUAL_EXIT fix: clears buy_order_id before close_trade to prevent duplicate SELL
2026-06-09 03:27:41,974 [INFO]   + State file: added date field, resets trades_today/losses on new day boundary
2026-06-09 03:27:41,974 [INFO]   + VWAP dedup log spam removed (silent return on same-bar re-fire)
2026-06-09 03:27:41,974 [INFO] 
2026-06-09 03:27:41,974 [INFO] V2.5.14 [TIERED PROFIT LOCK LADDER — inspired by VRL]
2026-06-09 03:27:41,974 [INFO]   + Replaced sparse 3-tier ratchet (Velvet Rope + T2 + T3 + Runner) with 7-tier ladder
2026-06-09 03:27:41,974 [INFO]   + Ladder: +12→+2, +18→+8, +24→+12, +30→+20, +36→+24, +40→+30, +50→+40
2026-06-09 03:27:41,974 [INFO]   + More tiers = less profit give-back on sharp reversals
2026-06-09 03:27:41,974 [INFO]   + Checked every tick (not candle-based) — same as before but tighter protection
2026-06-09 03:27:41,974 [INFO]   + Unified code: single loop replaces 3 separate sections (3a/3b/3c → 3)
2026-06-09 03:27:41,974 [INFO]   + VWAP engine upgraded to TRIPLE confirmation:
2026-06-09 03:27:41,974 [INFO]     Gate 1 (PRIMARY): Nifty FUTURES 15m close crosses futures VWAP, body >= 50%
2026-06-09 03:27:41,974 [INFO]     Gate 2: Nifty SPOT 15m close same direction above/below spot VWAP
2026-06-09 03:27:41,974 [INFO]     Gate 3: ATM option LTP above/below option's own VWAP
2026-06-09 03:27:41,974 [INFO]   + Futures VWAP is now the primary decision criterion — real margin-backed money
2026-06-09 03:27:41,974 [INFO]   + Nifty FUT token auto-resolved from Kite instruments at boot (no hardcoding)
2026-06-09 03:27:41,974 [INFO] 
2026-06-09 03:27:41,975 [INFO] === REJECTED DECISIONS (DO NOT RE-ADD WITHOUT NEW BACKTEST EVIDENCE) ===
2026-06-09 03:27:41,975 [INFO]   SKIP_HOUR_13         : -Rs 46k (kills profitable flips in that window)
2026-06-09 03:27:41,975 [INFO]   SKIP_TUESDAYS        : +Rs 56k but calendar-overfit; RSI gate replaces
2026-06-09 03:27:41,975 [INFO]   ADX<20 filter        : -Rs 16k
2026-06-09 03:27:41,975 [INFO]   ADX<25 filter        : -Rs 34k
2026-06-09 03:27:41,975 [INFO]   BE armor at +15%     : net negative
2026-06-09 03:27:41,975 [INFO]   Same-side flip       : -Rs 191k CATASTROPHIC
2026-06-09 03:27:41,975 [INFO]   REVERSAL_FLIP=True   : WR 12% vs 33%
2026-06-09 03:27:41,975 [INFO]   K cap on CE          : hurts WR (no cap is better)
2026-06-09 03:27:41,975 [INFO]   V2.5.10 macro SMA50  : -Rs 2.3L vs V2.5.9; lagging filter blocked PE in bear phases
2026-06-09 03:27:41,975 [INFO]   V2.5.11 straddle halt: straddle expansion days WR 69.8% > normal 66.9%;
2026-06-09 03:27:41,975 [INFO]                          halting on expansion removed profitable trades (+Rs 2,54,234 phantom)
2026-06-09 03:27:44,561 [INFO] [boot] Logs pushed to GitHub: Nifty_FlightRecorder_V2_5_14_20260609_085738.log, Nifty_BarLevel_V2_5_14_20260609_085738.csv
2026-06-09 03:27:45,514 [INFO] [INDICATORS] spot=23103.7 | 1h: close=23134.5 sma20=23335.7 sma50=23444.1 rsi=33.5 macd=-77.06/-59.47(bear) | 15m: K=37.0↑(prev 35.4) | regime=PE-eligible halted=False active=False
2026-06-09 03:27:45,514 [INFO] [SIGNAL] CE: reg=False K=False(K=37.0>=38,rising) Kextr=True RSI=False(33.5>53) MACD=False => BLOCK | PE: reg=True K=False(K=37.0<=80,falling) Kextr=False RSI=True(33.5<47) MACD=True => BLOCK
2026-06-09 03:32:56,752 [INFO] [INDICATORS] spot=23103.7 | 1h: close=23134.5 sma20=23335.7 sma50=23444.1 rsi=33.5 macd=-77.06/-59.47(bear) | 15m: K=37.0↑(prev 35.4) | regime=PE-eligible halted=False active=False
2026-06-09 03:32:56,752 [INFO] [SIGNAL] CE: reg=False K=False(K=37.0>=38,rising) Kextr=True RSI=False(33.5>53) MACD=False => BLOCK | PE: reg=True K=False(K=37.0<=80,falling) Kextr=False RSI=True(33.5<47) MACD=True => BLOCK
2026-06-09 03:32:58,061 [INFO] [periodic] Logs pushed to GitHub: Nifty_FlightRecorder_V2_5_14_20260609_085738.log, Nifty_BarLevel_V2_5_14_20260609_085738.csv
2026-06-09 03:38:07,722 [INFO] [INDICATORS] spot=23103.7 | 1h: close=23134.5 sma20=23335.7 sma50=23444.1 rsi=33.5 macd=-77.06/-59.47(bear) | 15m: K=37.0↑(prev 35.4) | regime=PE-eligible halted=False active=False
2026-06-09 03:38:07,722 [INFO] [SIGNAL] CE: reg=False K=False(K=37.0>=38,rising) Kextr=True RSI=False(33.5>53) MACD=False => BLOCK | PE: reg=True K=False(K=37.0<=80,falling) Kextr=False RSI=True(33.5<47) MACD=True => BLOCK
2026-06-09 03:38:09,009 [INFO] [periodic] Logs pushed to GitHub: Nifty_FlightRecorder_V2_5_14_20260609_085738.log, Nifty_BarLevel_V2_5_14_20260609_085738.csv
2026-06-09 03:43:19,023 [INFO] [INDICATORS] spot=23103.7 | 1h: close=23134.5 sma20=23335.7 sma50=23444.1 rsi=33.5 macd=-77.06/-59.47(bear) | 15m: K=37.0↑(prev 35.4) | regime=PE-eligible halted=False active=False
2026-06-09 03:43:19,024 [INFO] [SIGNAL] CE: reg=False K=False(K=37.0>=38,rising) Kextr=True RSI=False(33.5>53) MACD=False => BLOCK | PE: reg=True K=False(K=37.0<=80,falling) Kextr=False RSI=True(33.5<47) MACD=True => BLOCK
2026-06-09 03:43:20,501 [INFO] [periodic] Logs pushed to GitHub: Nifty_FlightRecorder_V2_5_14_20260609_085738.log, Nifty_BarLevel_V2_5_14_20260609_085738.csv
2026-06-09 03:48:29,988 [INFO] [INDICATORS] spot=23238.0 | 1h: close=23103.7 sma20=23319.4 sma50=23428.1 rsi=31.9 macd=-83.32/-64.24(bear) | 15m: K=19.2↓(prev 37.0) | regime=PE-eligible halted=False active=False
2026-06-09 03:48:29,988 [INFO] [SIGNAL] CE: reg=False K=False(K=19.2>=38,rising) Kextr=True RSI=False(31.9>53) MACD=False => BLOCK | PE: reg=True K=False(K=19.2<=80,falling) Kextr=False RSI=True(31.9<47) MACD=True => BLOCK
2026-06-09 03:48:31,331 [INFO] [periodic] Logs pushed to GitHub: Nifty_FlightRecorder_V2_5_14_20260609_085738.log, Nifty_BarLevel_V2_5_14_20260609_085738.csv
2026-06-09 03:50:04,684 [INFO] [STRADDLE] Reference: ₹120.9 at 09:20
2026-06-09 03:53:41,518 [INFO] [INDICATORS] spot=23232.2 | 1h: close=23103.7 sma20=23319.4 sma50=23428.1 rsi=31.9 macd=-83.32/-64.24(bear) | 15m: K=19.2↓(prev 37.0) | regime=PE-eligible halted=False active=False
2026-06-09 03:53:41,519 [INFO] [SIGNAL] CE: reg=False K=False(K=19.2>=38,rising) Kextr=True RSI=False(31.9>53) MACD=False => BLOCK | PE: reg=True K=False(K=19.2<=80,falling) Kextr=False RSI=True(31.9<47) MACD=True => BLOCK
2026-06-09 03:53:42,777 [INFO] [periodic] Logs pushed to GitHub: Nifty_FlightRecorder_V2_5_14_20260609_085738.log, Nifty_BarLevel_V2_5_14_20260609_085738.csv
2026-06-09 03:58:52,882 [INFO] [INDICATORS] spot=23231.0 | 1h: close=23103.7 sma20=23319.4 sma50=23428.1 rsi=31.9 macd=-83.32/-64.24(bear) | 15m: K=19.2↓(prev 37.0) | regime=PE-eligible halted=False active=False
2026-06-09 03:58:52,882 [INFO] [SIGNAL] CE: reg=False K=False(K=19.2>=38,rising) Kextr=True RSI=False(31.9>53) MACD=False => BLOCK | PE: reg=True K=False(K=19.2<=80,falling) Kextr=False RSI=True(31.9<47) MACD=True => BLOCK
2026-06-09 03:58:54,189 [INFO] [periodic] Logs pushed to GitHub: Nifty_FlightRecorder_V2_5_14_20260609_085738.log, Nifty_BarLevel_V2_5_14_20260609_085738.csv
2026-06-09 04:04:03,843 [INFO] [INDICATORS] spot=23237.8 | 1h: close=23103.7 sma20=23319.4 sma50=23428.1 rsi=31.9 macd=-83.32/-64.24(bear) | 15m: K=35.0↑(prev 19.2) | regime=PE-eligible halted=False active=False
2026-06-09 04:04:03,844 [INFO] [SIGNAL] CE: reg=False K=False(K=35.0>=38,rising) Kextr=True RSI=False(31.9>53) MACD=False => BLOCK | PE: reg=True K=False(K=35.0<=80,falling) Kextr=False RSI=True(31.9<47) MACD=True => BLOCK
2026-06-09 04:04:05,565 [INFO] [periodic] Logs pushed to GitHub: Nifty_FlightRecorder_V2_5_14_20260609_085738.log, Nifty_BarLevel_V2_5_14_20260609_085738.csv
2026-06-09 04:09:15,078 [INFO] [INDICATORS] spot=23214.3 | 1h: close=23103.7 sma20=23319.4 sma50=23428.1 rsi=31.9 macd=-83.32/-64.24(bear) | 15m: K=35.0↑(prev 19.2) | regime=PE-eligible halted=False active=False
2026-06-09 04:09:15,079 [INFO] [SIGNAL] CE: reg=False K=False(K=35.0>=38,rising) Kextr=True RSI=False(31.9>53) MACD=False => BLOCK | PE: reg=True K=False(K=35.0<=80,falling) Kextr=False RSI=True(31.9<47) MACD=True => BLOCK
2026-06-09 04:09:16,521 [INFO] [periodic] Logs pushed to GitHub: Nifty_FlightRecorder_V2_5_14_20260609_085738.log, Nifty_BarLevel_V2_5_14_20260609_085738.csv
2026-06-09 04:14:26,421 [INFO] [INDICATORS] spot=23206.9 | 1h: close=23103.7 sma20=23319.4 sma50=23428.1 rsi=31.9 macd=-83.32/-64.24(bear) | 15m: K=35.0↑(prev 19.2) | regime=PE-eligible halted=False active=False
2026-06-09 04:14:26,422 [INFO] [SIGNAL] CE: reg=False K=False(K=35.0>=38,rising) Kextr=True RSI=False(31.9>53) MACD=False => BLOCK | PE: reg=True K=False(K=35.0<=80,falling) Kextr=False RSI=True(31.9<47) MACD=True => BLOCK
2026-06-09 04:14:27,784 [INFO] [periodic] Logs pushed to GitHub: Nifty_FlightRecorder_V2_5_14_20260609_085738.log, Nifty_BarLevel_V2_5_14_20260609_085738.csv
2026-06-09 04:19:38,385 [INFO] [INDICATORS] spot=23191.9 | 1h: close=23103.7 sma20=23319.4 sma50=23428.1 rsi=31.9 macd=-83.32/-64.24(bear) | 15m: K=60.8↑(prev 35.0) | regime=PE-eligible halted=False active=False
2026-06-09 04:19:38,386 [INFO] [SIGNAL] CE: reg=False K=True(K=60.8>=38,rising) Kextr=True RSI=False(31.9>53) MACD=False => BLOCK | PE: reg=True K=False(K=60.8<=80,falling) Kextr=False RSI=True(31.9<47) MACD=True => BLOCK
2026-06-09 04:19:39,773 [INFO] [periodic] Logs pushed to GitHub: Nifty_FlightRecorder_V2_5_14_20260609_085738.log, Nifty_BarLevel_V2_5_14_20260609_085738.csv
2026-06-09 04:24:49,313 [INFO] [INDICATORS] spot=23216.1 | 1h: close=23103.7 sma20=23319.4 sma50=23428.1 rsi=31.9 macd=-83.32/-64.24(bear) | 15m: K=60.8↑(prev 35.0) | regime=PE-eligible halted=False active=False
2026-06-09 04:24:49,313 [INFO] [SIGNAL] CE: reg=False K=True(K=60.8>=38,rising) Kextr=True RSI=False(31.9>53) MACD=False => BLOCK | PE: reg=True K=False(K=60.8<=80,falling) Kextr=False RSI=True(31.9<47) MACD=True => BLOCK
2026-06-09 04:24:50,661 [INFO] [periodic] Logs pushed to GitHub: Nifty_FlightRecorder_V2_5_14_20260609_085738.log, Nifty_BarLevel_V2_5_14_20260609_085738.csv
2026-06-09 04:30:00,560 [INFO] [INDICATORS] spot=23188.7 | 1h: close=23103.7 sma20=23319.4 sma50=23428.1 rsi=31.9 macd=-83.32/-64.24(bear) | 15m: K=60.8↑(prev 35.0) | regime=PE-eligible halted=False active=False
2026-06-09 04:30:00,561 [INFO] [SIGNAL] CE: reg=False K=True(K=60.8>=38,rising) Kextr=True RSI=False(31.9>53) MACD=False => BLOCK | PE: reg=True K=False(K=60.8<=80,falling) Kextr=False RSI=True(31.9<47) MACD=True => BLOCK
2026-06-09 04:30:02,040 [INFO] [periodic] Logs pushed to GitHub: Nifty_FlightRecorder_V2_5_14_20260609_085738.log, Nifty_BarLevel_V2_5_14_20260609_085738.csv
2026-06-09 04:35:12,320 [INFO] [INDICATORS] spot=23174.4 | 1h: close=23103.7 sma20=23319.4 sma50=23428.1 rsi=31.9 macd=-83.32/-64.24(bear) | 15m: K=86.5↑(prev 60.8) | regime=PE-eligible halted=False active=False
2026-06-09 04:35:12,321 [INFO] [SIGNAL] CE: reg=False K=True(K=86.5>=38,rising) Kextr=True RSI=False(31.9>53) MACD=False => BLOCK | PE: reg=True K=False(K=86.5<=80,falling) Kextr=True RSI=True(31.9<47) MACD=True => BLOCK
2026-06-09 04:35:13,823 [INFO] [periodic] Logs pushed to GitHub: Nifty_FlightRecorder_V2_5_14_20260609_085738.log, Nifty_BarLevel_V2_5_14_20260609_085738.csv
2026-06-09 04:40:23,342 [INFO] [INDICATORS] spot=23169.6 | 1h: close=23103.7 sma20=23319.4 sma50=23428.1 rsi=31.9 macd=-83.32/-64.24(bear) | 15m: K=86.5↑(prev 60.8) | regime=PE-eligible halted=False active=False
2026-06-09 04:40:23,343 [INFO] [SIGNAL] CE: reg=False K=True(K=86.5>=38,rising) Kextr=True RSI=False(31.9>53) MACD=False => BLOCK | PE: reg=True K=False(K=86.5<=80,falling) Kextr=True RSI=True(31.9<47) MACD=True => BLOCK
2026-06-09 04:40:24,730 [INFO] [periodic] Logs pushed to GitHub: Nifty_FlightRecorder_V2_5_14_20260609_085738.log, Nifty_BarLevel_V2_5_14_20260609_085738.csv
2026-06-09 04:45:05,889 [INFO] ENTRY: NFO:NIFTY2660923200PE @ 65.90  engine=V2  detail=K=74.7↓ RSI=38.5 MACD✓
2026-06-09 04:45:37,894 [INFO] EXIT: NFO:NIFTY2660923200PE @ 67.80 reason=SMA8_LOW_TRAIL pnl/sh=+1.90 is_flip=False losses=0/3
2026-06-09 04:45:38,359 [INFO] [INDICATORS] spot=23165.3 | 1h: close=23167.8 sma20=23307.7 sma50=23413.0 rsi=38.5 macd=-82.17/-67.82(bear) | 15m: K=74.7↓(prev 86.5) | regime=PE-eligible halted=False active=False
2026-06-09 04:45:38,359 [INFO] [SIGNAL] CE: reg=False K=False(K=74.7>=38,rising) Kextr=False RSI=False(38.5>53) MACD=False => BLOCK | PE: reg=True K=True(K=74.7<=80,falling) Kextr=True RSI=True(38.5<47) MACD=True => PASS
2026-06-09 04:45:39,744 [INFO] [periodic] Logs pushed to GitHub: Nifty_FlightRecorder_V2_5_14_20260609_085738.log, Nifty_BarLevel_V2_5_14_20260609_085738.csv
2026-06-09 04:46:11,266 [INFO] ENTRY: NFO:NIFTY2660923200PE @ 61.00  engine=V2  detail=K=74.7↓ RSI=38.5 MACD✓
2026-06-09 04:50:55,060 [INFO] [INDICATORS] spot=23163.8 | 1h: close=23167.8 sma20=23307.7 sma50=23413.0 rsi=38.5 macd=-82.17/-67.82(bear) | 15m: K=74.7↓(prev 86.5) | regime=PE-eligible halted=False active=True
2026-06-09 04:50:55,061 [INFO] [SIGNAL] CE: reg=False K=False(K=74.7>=38,rising) Kextr=False RSI=False(38.5>53) MACD=False => BLOCK | PE: reg=True K=True(K=74.7<=80,falling) Kextr=True RSI=True(38.5<47) MACD=True => PASS
2026-06-09 04:50:55,061 [INFO] [STATE] PE NFO:NIFTY2660923200PE ltp=68.40 entry=61.00 pnl=+7.40(+12.1%) sl=50.02 peak=68.60 tr_armed=False elapsed=4min
2026-06-09 04:50:56,466 [INFO] [periodic] Logs pushed to GitHub: Nifty_FlightRecorder_V2_5_14_20260609_085738.log, Nifty_BarLevel_V2_5_14_20260609_085738.csv
2026-06-09 04:56:12,214 [INFO] [INDICATORS] spot=23155.7 | 1h: close=23167.8 sma20=23307.7 sma50=23413.0 rsi=38.5 macd=-82.17/-67.82(bear) | 15m: K=74.7↓(prev 86.5) | regime=PE-eligible halted=False active=True
2026-06-09 04:56:12,215 [INFO] [SIGNAL] CE: reg=False K=False(K=74.7>=38,rising) Kextr=False RSI=False(38.5>53) MACD=False => BLOCK | PE: reg=True K=True(K=74.7<=80,falling) Kextr=True RSI=True(38.5<47) MACD=True => PASS
2026-06-09 04:56:12,215 [INFO] [STATE] PE NFO:NIFTY2660923200PE ltp=76.35 entry=61.00 pnl=+15.35(+25.2%) sl=72.70 peak=77.70 tr_armed=True elapsed=10min
2026-06-09 04:56:13,527 [INFO] [periodic] Logs pushed to GitHub: Nifty_FlightRecorder_V2_5_14_20260609_085738.log, Nifty_BarLevel_V2_5_14_20260609_085738.csv
2026-06-09 04:58:19,512 [INFO] EXIT: NFO:NIFTY2660923200PE @ 72.70 reason=TRAIL_+12 pnl/sh=+11.70 is_flip=False losses=0/3
2026-06-09 04:58:51,890 [INFO] ENTRY: NFO:NIFTY2660923200PE @ 68.60  engine=V2  detail=K=74.7↓ RSI=38.5 MACD✓
2026-06-09 05:01:29,784 [INFO] [INDICATORS] spot=23161.8 | 1h: close=23167.8 sma20=23307.7 sma50=23413.0 rsi=38.5 macd=-82.17/-67.82(bear) | 15m: K=67.7↓(prev 74.7) | regime=PE-eligible halted=False active=True
2026-06-09 05:01:29,784 [INFO] [SIGNAL] CE: reg=False K=False(K=67.7>=38,rising) Kextr=False RSI=False(38.5>53) MACD=False => BLOCK | PE: reg=True K=True(K=67.7<=80,falling) Kextr=True RSI=True(38.5<47) MACD=True => PASS
2026-06-09 05:01:29,784 [INFO] [STATE] PE NFO:NIFTY2660923200PE ltp=70.95 entry=68.60 pnl=+2.35(+3.4%) sl=56.25 peak=70.95 tr_armed=False elapsed=2min
2026-06-09 05:01:31,243 [INFO] [periodic] Logs pushed to GitHub: Nifty_FlightRecorder_V2_5_14_20260609_085738.log, Nifty_BarLevel_V2_5_14_20260609_085738.csv
2026-06-09 05:06:46,409 [INFO] [INDICATORS] spot=23150.5 | 1h: close=23167.8 sma20=23307.7 sma50=23413.0 rsi=38.5 macd=-82.17/-67.82(bear) | 15m: K=67.7↓(prev 74.7) | regime=PE-eligible halted=False active=True
2026-06-09 05:06:46,409 [INFO] [SIGNAL] CE: reg=False K=False(K=67.7>=38,rising) Kextr=False RSI=False(38.5>53) MACD=False => BLOCK | PE: reg=True K=True(K=67.7<=80,falling) Kextr=True RSI=True(38.5<47) MACD=True => PASS
2026-06-09 05:06:46,409 [INFO] [STATE] PE NFO:NIFTY2660923200PE ltp=76.65 entry=68.60 pnl=+8.05(+11.7%) sl=56.25 peak=77.85 tr_armed=False elapsed=7min
2026-06-09 05:06:47,787 [INFO] [periodic] Logs pushed to GitHub: Nifty_FlightRecorder_V2_5_14_20260609_085738.log, Nifty_BarLevel_V2_5_14_20260609_085738.csv
2026-06-09 05:12:02,602 [INFO] [INDICATORS] spot=23155.7 | 1h: close=23167.8 sma20=23307.7 sma50=23413.0 rsi=38.5 macd=-82.17/-67.82(bear) | 15m: K=67.7↓(prev 74.7) | regime=PE-eligible halted=False active=True
2026-06-09 05:12:02,604 [INFO] [SIGNAL] CE: reg=False K=False(K=67.7>=38,rising) Kextr=False RSI=False(38.5>53) MACD=False => BLOCK | PE: reg=True K=True(K=67.7<=80,falling) Kextr=True RSI=True(38.5<47) MACD=True => PASS
2026-06-09 05:12:02,604 [INFO] [STATE] PE NFO:NIFTY2660923200PE ltp=74.40 entry=68.60 pnl=+5.80(+8.5%) sl=56.25 peak=78.50 tr_armed=False elapsed=13min
2026-06-09 05:12:04,333 [INFO] [periodic] Logs pushed to GitHub: Nifty_FlightRecorder_V2_5_14_20260609_085738.log, Nifty_BarLevel_V2_5_14_20260609_085738.csv
2026-06-09 05:17:19,001 [INFO] [INDICATORS] spot=23165.0 | 1h: close=23167.8 sma20=23307.7 sma50=23413.0 rsi=38.5 macd=-82.17/-67.82(bear) | 15m: K=63.1↓(prev 67.7) | regime=PE-eligible halted=False active=True
2026-06-09 05:17:19,001 [INFO] [SIGNAL] CE: reg=False K=False(K=63.1>=38,rising) Kextr=False RSI=False(38.5>53) MACD=False => BLOCK | PE: reg=True K=True(K=63.1<=80,falling) Kextr=True RSI=True(38.5<47) MACD=True => PASS
2026-06-09 05:17:19,001 [INFO] [STATE] PE NFO:NIFTY2660923200PE ltp=65.70 entry=68.60 pnl=-2.90(-4.2%) sl=56.25 peak=78.50 tr_armed=False elapsed=18min
2026-06-09 05:17:20,595 [INFO] [periodic] Logs pushed to GitHub: Nifty_FlightRecorder_V2_5_14_20260609_085738.log, Nifty_BarLevel_V2_5_14_20260609_085738.csv
2026-06-09 05:20:29,464 [INFO] [TRAIL] SL ratcheted 81.25 → 86.00  (peak=91.00)
2026-06-09 05:21:00,995 [INFO] [TRAIL] SL ratcheted 86.00 → 86.15  (peak=91.15)
2026-06-09 05:21:32,489 [INFO] [TRAIL] SL ratcheted 86.15 → 87.35  (peak=92.35)
2026-06-09 05:22:35,699 [INFO] EXIT: NFO:NIFTY2660923200PE @ 87.35 reason=TRAIL_+19 pnl/sh=+18.75 is_flip=False losses=0/3
2026-06-09 05:22:36,157 [INFO] [INDICATORS] spot=23136.0 | 1h: close=23167.8 sma20=23307.7 sma50=23413.0 rsi=38.5 macd=-82.17/-67.82(bear) | 15m: K=63.1↓(prev 67.7) | regime=PE-eligible halted=False active=False
2026-06-09 05:22:36,157 [INFO] [SIGNAL] CE: reg=False K=False(K=63.1>=38,rising) Kextr=False RSI=False(38.5>53) MACD=False => BLOCK | PE: reg=True K=True(K=63.1<=80,falling) Kextr=True RSI=True(38.5<47) MACD=True => PASS
2026-06-09 05:22:37,509 [INFO] [periodic] Logs pushed to GitHub: Nifty_FlightRecorder_V2_5_14_20260609_085738.log, Nifty_BarLevel_V2_5_14_20260609_085738.csv
2026-06-09 05:23:08,975 [INFO] ENTRY: NFO:NIFTY2660923100PE @ 32.40  engine=V2  detail=K=63.1↓ RSI=38.5 MACD✓
2026-06-09 05:24:44,444 [INFO] [CB] losses=1/3 (reason=HARDSL_-18pct)
2026-06-09 05:24:44,444 [INFO] EXIT: NFO:NIFTY2660923100PE @ 26.57 reason=HARDSL_-18pct pnl/sh=-5.83 is_flip=False losses=1/3
2026-06-09 05:25:16,351 [INFO] ENTRY: NFO:NIFTY2660923200PE @ 70.55  engine=V2  detail=K=63.1↓ RSI=38.5 MACD✓
2026-06-09 05:27:54,151 [INFO] [INDICATORS] spot=23147.6 | 1h: close=23167.8 sma20=23307.7 sma50=23413.0 rsi=38.5 macd=-82.17/-67.82(bear) | 15m: K=63.1↓(prev 67.7) | regime=PE-eligible halted=False active=True
2026-06-09 05:27:54,151 [INFO] [SIGNAL] CE: reg=False K=False(K=63.1>=38,rising) Kextr=False RSI=False(38.5>53) MACD=False => BLOCK | PE: reg=True K=True(K=63.1<=80,falling) Kextr=True RSI=True(38.5<47) MACD=True => PASS
2026-06-09 05:27:54,151 [INFO] [STATE] PE NFO:NIFTY2660923200PE ltp=78.70 entry=70.55 pnl=+8.15(+11.6%) sl=57.85 peak=78.70 tr_armed=False elapsed=2min
2026-06-09 05:27:55,764 [INFO] [periodic] Logs pushed to GitHub: Nifty_FlightRecorder_V2_5_14_20260609_085738.log, Nifty_BarLevel_V2_5_14_20260609_085738.csv
2026-06-09 05:33:11,329 [INFO] [INDICATORS] spot=23154.1 | 1h: close=23167.8 sma20=23307.7 sma50=23413.0 rsi=38.5 macd=-82.17/-67.82(bear) | 15m: K=60.3↓(prev 63.1) | regime=PE-eligible halted=False active=True
2026-06-09 05:33:11,330 [INFO] [SIGNAL] CE: reg=False K=False(K=60.3>=38,rising) Kextr=False RSI=False(38.5>53) MACD=False => BLOCK | PE: reg=True K=True(K=60.3<=80,falling) Kextr=False RSI=True(38.5<47) MACD=True => BLOCK
2026-06-09 05:33:11,330 [INFO] [STATE] PE NFO:NIFTY2660923200PE ltp=74.20 entry=70.55 pnl=+3.65(+5.2%) sl=57.85 peak=78.70 tr_armed=False elapsed=7min
2026-06-09 05:33:12,804 [INFO] [periodic] Logs pushed to GitHub: Nifty_FlightRecorder_V2_5_14_20260609_085738.log, Nifty_BarLevel_V2_5_14_20260609_085738.csv
2026-06-09 05:38:27,609 [INFO] [INDICATORS] spot=23156.3 | 1h: close=23167.8 sma20=23307.7 sma50=23413.0 rsi=38.5 macd=-82.17/-67.82(bear) | 15m: K=60.3↓(prev 63.1) | regime=PE-eligible halted=False active=True
2026-06-09 05:38:27,609 [INFO] [SIGNAL] CE: reg=False K=False(K=60.3>=38,rising) Kextr=False RSI=False(38.5>53) MACD=False => BLOCK | PE: reg=True K=True(K=60.3<=80,falling) Kextr=False RSI=True(38.5<47) MACD=True => BLOCK
2026-06-09 05:38:27,609 [INFO] [STATE] PE NFO:NIFTY2660923200PE ltp=71.80 entry=70.55 pnl=+1.25(+1.8%) sl=57.85 peak=78.70 tr_armed=False elapsed=13min
2026-06-09 05:38:29,007 [INFO] [periodic] Logs pushed to GitHub: Nifty_FlightRecorder_V2_5_14_20260609_085738.log, Nifty_BarLevel_V2_5_14_20260609_085738.csv
2026-06-09 05:43:44,060 [INFO] [INDICATORS] spot=23146.0 | 1h: close=23167.8 sma20=23307.7 sma50=23413.0 rsi=38.5 macd=-82.17/-67.82(bear) | 15m: K=60.3↓(prev 63.1) | regime=PE-eligible halted=False active=True
2026-06-09 05:43:44,061 [INFO] [SIGNAL] CE: reg=False K=False(K=60.3>=38,rising) Kextr=False RSI=False(38.5>53) MACD=False => BLOCK | PE: reg=True K=True(K=60.3<=80,falling) Kextr=False RSI=True(38.5<47) MACD=True => BLOCK
2026-06-09 05:43:44,061 [INFO] [STATE] PE NFO:NIFTY2660923200PE ltp=78.70 entry=70.55 pnl=+8.15(+11.6%) sl=57.85 peak=80.70 tr_armed=False elapsed=18min
2026-06-09 05:43:45,465 [INFO] [periodic] Logs pushed to GitHub: Nifty_FlightRecorder_V2_5_14_20260609_085738.log, Nifty_BarLevel_V2_5_14_20260609_085738.csv
2026-06-09 05:49:00,923 [INFO] [INDICATORS] spot=23155.7 | 1h: close=23146.0 sma20=23293.0 sma50=23397.1 rsi=37.2 macd=-82.07/-70.67(bear) | 15m: K=56.7↓(prev 60.3) | regime=PE-eligible halted=False active=True
2026-06-09 05:49:00,924 [INFO] [SIGNAL] CE: reg=False K=False(K=56.7>=38,rising) Kextr=False RSI=False(37.2>53) MACD=False => BLOCK | PE: reg=True K=True(K=56.7<=80,falling) Kextr=False RSI=True(37.2<47) MACD=True => BLOCK
2026-06-09 05:49:00,924 [INFO] [STATE] PE NFO:NIFTY2660923200PE ltp=74.45 entry=70.55 pnl=+3.90(+5.5%) sl=57.85 peak=81.80 tr_armed=False elapsed=23min
2026-06-09 05:49:02,387 [INFO] [periodic] Logs pushed to GitHub: Nifty_FlightRecorder_V2_5_14_20260609_085738.log, Nifty_BarLevel_V2_5_14_20260609_085738.csv
2026-06-09 05:53:47,055 [INFO] [TRAIL] SL ratcheted 85.75 → 93.00  (peak=98.00)
2026-06-09 05:54:18,519 [INFO] [TRAIL] SL ratcheted 93.00 → 99.90  (peak=104.90)
2026-06-09 05:54:18,766 [INFO] [INDICATORS] spot=23111.7 | 1h: close=23146.0 sma20=23293.0 sma50=23397.1 rsi=37.2 macd=-82.07/-70.67(bear) | 15m: K=56.7↓(prev 60.3) | regime=PE-eligible halted=False active=True
2026-06-09 05:54:18,766 [INFO] [SIGNAL] CE: reg=False K=False(K=56.7>=38,rising) Kextr=False RSI=False(37.2>53) MACD=False => BLOCK | PE: reg=True K=True(K=56.7<=80,falling) Kextr=False RSI=True(37.2<47) MACD=True => BLOCK
2026-06-09 05:54:18,766 [INFO] [STATE] PE NFO:NIFTY2660923200PE ltp=104.90 entry=70.55 pnl=+34.35(+48.7%) sl=99.90 peak=104.90 tr_armed=True elapsed=29min
2026-06-09 05:54:20,155 [INFO] [periodic] Logs pushed to GitHub: Nifty_FlightRecorder_V2_5_14_20260609_085738.log, Nifty_BarLevel_V2_5_14_20260609_085738.csv
2026-06-09 05:54:51,393 [INFO] EXIT: NFO:NIFTY2660923200PE @ 99.90 reason=TRAIL_+29 pnl/sh=+29.35 is_flip=False losses=1/3
2026-06-09 05:59:32,130 [INFO] [INDICATORS] spot=23136.6 | 1h: close=23146.0 sma20=23293.0 sma50=23397.1 rsi=37.2 macd=-82.07/-70.67(bear) | 15m: K=56.7↓(prev 60.3) | regime=PE-eligible halted=False active=False
2026-06-09 05:59:32,131 [INFO] [SIGNAL] CE: reg=False K=False(K=56.7>=38,rising) Kextr=False RSI=False(37.2>53) MACD=False => BLOCK | PE: reg=True K=True(K=56.7<=80,falling) Kextr=False RSI=True(37.2<47) MACD=True => BLOCK
2026-06-09 05:59:34,135 [INFO] [periodic] Logs pushed to GitHub: Nifty_FlightRecorder_V2_5_14_20260609_085738.log, Nifty_BarLevel_V2_5_14_20260609_085738.csv
2026-06-09 06:04:45,245 [INFO] [INDICATORS] spot=23137.0 | 1h: close=23146.0 sma20=23293.0 sma50=23397.1 rsi=37.2 macd=-82.07/-70.67(bear) | 15m: K=49.3↓(prev 56.7) | regime=PE-eligible halted=False active=False
2026-06-09 06:04:45,245 [INFO] [SIGNAL] CE: reg=False K=False(K=49.3>=38,rising) Kextr=False RSI=False(37.2>53) MACD=False => BLOCK | PE: reg=True K=True(K=49.3<=80,falling) Kextr=False RSI=True(37.2<47) MACD=True => BLOCK
2026-06-09 06:04:46,575 [INFO] [periodic] Logs pushed to GitHub: Nifty_FlightRecorder_V2_5_14_20260609_085738.log, Nifty_BarLevel_V2_5_14_20260609_085738.csv
2026-06-09 06:09:57,486 [INFO] [INDICATORS] spot=23155.6 | 1h: close=23146.0 sma20=23293.0 sma50=23397.1 rsi=37.2 macd=-82.07/-70.67(bear) | 15m: K=49.3↓(prev 56.7) | regime=PE-eligible halted=False active=False
2026-06-09 06:09:57,487 [INFO] [SIGNAL] CE: reg=False K=False(K=49.3>=38,rising) Kextr=False RSI=False(37.2>53) MACD=False => BLOCK | PE: reg=True K=True(K=49.3<=80,falling) Kextr=False RSI=True(37.2<47) MACD=True => BLOCK
