2026-06-08 05:43:43,249 [INFO] [STATE] Loaded prior state. POS.active=False losses=0
2026-06-08 05:43:44,881 [INFO] [BOOT] Nifty FUT token: 15956226 expiry=2026-06-30 sym=NIFTY26JUNFUT
2026-06-08 05:43:44,895 [INFO] [BOOT] Expiry: 2026-06-09, 101 strikes, 202 option contracts
2026-06-08 05:43:45,641 [WARNING] [OI Plan] Stale plan (2026-06-01) — ignoring for today's levels
2026-06-08 05:43:45,641 [INFO] [OI Plan] No valid plan found — running without OI levels (normal mode)
2026-06-08 05:43:45,641 [INFO] 
2026-06-08 05:43:45,641 [INFO] +========================================================================+
2026-06-08 05:43:45,641 [INFO] | ORION V2.5.12 — STRATEGY DESIGN                                        |
2026-06-08 05:43:45,641 [INFO] | Backtest: 363 trades | PnL Rs +6,88,158 | WR 64.5% | MaxDD -1,119     |
2026-06-08 05:43:45,641 [INFO] +========================================================================+
2026-06-08 05:43:45,641 [INFO] | ENGINE V2 (fires every 15m close — regime: BULL/BEAR/TRANSITION only)  |
2026-06-08 05:43:45,641 [INFO] |   CE: 1h close>SMA20>SMA50 | K>=38 rising | K<25 recently             |
2026-06-08 05:43:45,641 [INFO] |        RSI>53 | MACD bull | premium 30-180                             |
2026-06-08 05:43:45,642 [INFO] |   PE: 1h close<SMA20<SMA50 | K<=80 falling K>=25 | K>75 recently      |
2026-06-08 05:43:45,642 [INFO] |        RSI<47 | MACD bear | premium 30-300                             |
2026-06-08 05:43:45,642 [INFO] |                                                                         |
2026-06-08 05:43:45,642 [INFO] | ENGINE V3 (15m G/R cluster break/reject — fires in any regime)         |
2026-06-08 05:43:45,642 [INFO] |   Grade A (>=3 source kinds) / Grade B (>=2)                           |
2026-06-08 05:43:45,642 [INFO] |   PDC excluded from clusters; G/R need >=25pt buffer from PDC          |
2026-06-08 05:43:45,642 [INFO] |   premium 30-180 CE / 30-300 PE                                        |
2026-06-08 05:43:45,642 [INFO] |                                                                         |
2026-06-08 05:43:45,642 [INFO] | ENGINE VWAP (triple confirmation — fires in any regime)                 |
2026-06-08 05:43:45,642 [INFO] |   1. Nifty FUTURES 15m close crosses FUT VWAP, body>=50% (PRIMARY)     |
2026-06-08 05:43:45,642 [INFO] |   2. Nifty SPOT 15m close same direction above/below spot VWAP         |
2026-06-08 05:43:45,642 [INFO] |   3. ATM CE/PE LTP also above/below its daily VWAP simultaneously      |
2026-06-08 05:43:45,642 [INFO] |   premium 30-180 CE / 30-300 PE                                        |
2026-06-08 05:43:45,642 [INFO] |                                                                         |
2026-06-08 05:43:45,643 [INFO] | ENGINE FLIP (opposite-side only, max 3/day, excluded from CB)          |
2026-06-08 05:43:45,643 [INFO] |   Path A (in-trade): elapsed>=30 + peak>=entry+15 + LTP<=entry+10      |
2026-06-08 05:43:45,643 [INFO] |   Path B (post-exit): K reversal within 60min                          |
2026-06-08 05:43:45,643 [INFO] |                                                                         |
2026-06-08 05:43:45,643 [INFO] | UNIVERSAL EXIT (priority order):                                        |
2026-06-08 05:43:45,643 [INFO] |   1. HARDSL -18%  2. Velvet Rope peak+12->SL entry+2                  |
2026-06-08 05:43:45,643 [INFO] |   3. Ladder T2: peak+24->SL entry+12 (immediate, no time gate)         |
2026-06-08 05:43:45,644 [INFO] |   4. Ladder T3: peak+36->SL entry+24 (immediate)                       |
2026-06-08 05:43:45,644 [INFO] |   5. Runner +25/+25  6. SMA8(low) trail  7. Force close 15:25          |
2026-06-08 05:43:45,644 [INFO] |   8. CB=3 non-flip losses                                               |
2026-06-08 05:43:45,644 [INFO] |                                                                         |
2026-06-08 05:43:45,644 [INFO] | INFORMATIONAL (no trade gate): Straddle alerts | Options VWAP          |
2026-06-08 05:43:45,644 [INFO] +========================================================================+
2026-06-08 05:43:45,644 [INFO] 
2026-06-08 05:43:45,644 [INFO] === ORION CHANGE HISTORY (V2.2.2 -> V2.5.9) ===
2026-06-08 05:43:45,644 [INFO] 
2026-06-08 05:43:45,644 [INFO] V2.2.2 [PRODUCTION BASELINE — T10]
2026-06-08 05:43:45,644 [INFO]   Entry : 1h SMA20/50 regime + 15m StochRSI K (CE>=38 rising, PE<=80 falling)
2026-06-08 05:43:45,644 [INFO]   Exit  : HARDSL -35%, TIME_SL 210min/-20%, BE +15% -> option SMA8(low) trail
2026-06-08 05:43:45,644 [INFO]   CB=2, 1 lot, no flip, no V3, no chop filter
2026-06-08 05:43:45,644 [INFO] 
2026-06-08 05:43:45,644 [INFO] V2.3  [+V3 CLUSTER LEVELS]
2026-06-08 05:43:45,644 [INFO]   + PDH/PDL/round_50/round_100/PDC/1h swing pivots clustered within 20pts
2026-06-08 05:43:45,644 [INFO]   + Grade A (>=3 source kinds) / Grade B (>=2)
2026-06-08 05:43:45,644 [INFO]   + ADX regime classifier (BULL/BEAR/CHOP/TRANSITION)
2026-06-08 05:43:45,645 [INFO] 
2026-06-08 05:43:45,645 [INFO] V2.4  [+EXIT UPGRADES]
2026-06-08 05:43:45,645 [INFO]   + 15m option SMA8(low) trail (KEPT in all future versions)
2026-06-08 05:43:45,645 [INFO]   + ATR-based exits (REMOVED — not robust enough)
2026-06-08 05:43:45,645 [INFO]   + BE armor at +15% (REMOVED later — net negative in backtest)
2026-06-08 05:43:45,645 [INFO] 
2026-06-08 05:43:45,645 [INFO] V2.5.0  [HYBRID V2+V3 + TIME-RATCHET]
2026-06-08 05:43:45,645 [INFO]   + Hybrid V2+V3 entry (V2 priority on same-bar tiebreak)
2026-06-08 05:43:45,645 [INFO]   + Time-ratchet exit: 90min / +20 step
2026-06-08 05:43:45,645 [INFO] 
2026-06-08 05:43:45,645 [INFO] V2.5.1  [ENTRY REFINEMENT]
2026-06-08 05:43:45,645 [INFO]   + V2 PE_floor=25 (K>=25 required for PE entry)
2026-06-08 05:43:45,645 [INFO]   + V2 CE: no upper K cap (cap tested and REJECTED — hurts WR)
2026-06-08 05:43:45,645 [INFO]   + V2 priority confirmed: +Rs 52k vs V3-priority
2026-06-08 05:43:45,645 [INFO] 
2026-06-08 05:43:45,645 [INFO] V2.5.2  [FLIP RULE +Rs 130k]
2026-06-08 05:43:45,646 [INFO]   + Path A flip (in-trade): elapsed>=30 + peak>=entry+15 + LTP<=entry+10 + K reversed
2026-06-08 05:43:45,646 [INFO]   + Path B flip (post-exit): K reversal within 60min
2026-06-08 05:43:45,646 [INFO]   + Opposite-side only (same-side continuation REJECTED: -Rs 191k CATASTROPHIC)
2026-06-08 05:43:45,646 [INFO]   + CE->PE: K falling, 25<=K<=80 | PE->CE: K rising, K>=38
2026-06-08 05:43:45,646 [INFO] 
2026-06-08 05:43:45,646 [INFO] V2.5.3  [V3 SINGLETONS + HARDSL LOCKED]
2026-06-08 05:43:45,646 [INFO]   + Promoted singletons: PDH/PDL/round_100(+-200 PDC)/swing pivots standalone Grade B
2026-06-08 05:43:45,646 [INFO]   + HARDSL locked at -25% (swept -35% to -15%; -25% optimal)
2026-06-08 05:43:45,646 [INFO]   + PnL Rs +3,14,418
2026-06-08 05:43:45,646 [INFO] 
2026-06-08 05:43:45,646 [INFO] V2.5.4  [FLIP CAP]
2026-06-08 05:43:45,646 [INFO]   + MAX_FLIPS_PER_DAY=3 (flips 1-3 win Rs 131k; flips 4+ lose Rs 21k)
2026-06-08 05:43:45,646 [INFO]   + PnL Rs +3,23,851
2026-06-08 05:43:45,646 [INFO] 
2026-06-08 05:43:45,646 [INFO] V2.5.5  [CHOP FILTER +Rs 49k]
2026-06-08 05:43:45,646 [INFO]   + RSI [47,53] indecision band blocks ALL entries
2026-06-08 05:43:45,646 [INFO]   + PnL Rs +3,72,598
2026-06-08 05:43:45,646 [INFO] 
2026-06-08 05:43:45,646 [INFO] V2.5.6  [V3 PDC CONTAMINATION FIX — LOCKED Rs 3,85,724 / WR 35.7%]
2026-06-08 05:43:45,646 [INFO]   + Exclude PDC from clustering (PDC is reference, not tradeable level)
2026-06-08 05:43:45,647 [INFO]   + G/R require >=25pt buffer from PDC (motivated by 2026-05-18 bad paper trade)
2026-06-08 05:43:45,647 [INFO]   + PnL Rs +3,85,724 / MaxDD -1,331 / Red 5/18
2026-06-08 05:43:45,647 [INFO] 
2026-06-08 05:43:45,647 [INFO] V2.5.7  [VELVET ROPE + RATCHET +Rs 1,14,324 / WR 35.7%->55.4%]
2026-06-08 05:43:45,647 [INFO]   + Velvet Rope: premium hits entry+15 -> SL immediately to entry+2
2026-06-08 05:43:45,647 [INFO]   + Ratchet Gate: 30min elapsed + entry+25 -> SL to entry+15
2026-06-08 05:43:45,647 [INFO]   + Runner Trail: +20 per +20pts peak (one-way)
2026-06-08 05:43:45,647 [INFO]   + Trade-off: Red months 5->10/18, MaxDD -1,331->-1,885
2026-06-08 05:43:45,647 [INFO] 
2026-06-08 05:43:45,647 [INFO] V2.5.8  [K EXTREME + FULL SMA ALIGNMENT]
2026-06-08 05:43:45,647 [INFO]   + K extreme filter: CE entry only if K<25 recently (3 bars); PE if K>75 recently
2026-06-08 05:43:45,647 [INFO]   + Full SMA alignment: CE needs close>SMA20>SMA50 (was just close>SMA20)
2026-06-08 05:43:45,647 [INFO] 
2026-06-08 05:43:45,647 [INFO] V2.5.9  [Rs 6,70,425 / WR 66.9% / 357 trades / MaxDD -1,485 / Red 8/18]
2026-06-08 05:43:45,647 [INFO]   + RSI DIRECTIONAL GATE replaces RSI [47,53] chop filter:
2026-06-08 05:43:45,647 [INFO]       CE: 1h RSI>53 required | PE: 1h RSI<47 required
2026-06-08 05:43:45,648 [INFO]   + MACD 1h alignment: CE needs MACD_line>signal; PE needs MACD_line<signal
2026-06-08 05:43:45,648 [INFO]   + Premium gate: 30<=entry_LTP<=180 (blocks deep OTM and IV-spike entries)
2026-06-08 05:43:45,648 [INFO]   + Tightened exit params: RI=12 (was 15), RT=20 (was 30), RS=25 (was 20)
2026-06-08 05:43:45,648 [INFO]   + CB=3 (was 4)
2026-06-08 05:43:45,648 [INFO]   + Straddle monitoring: informational Telegram at 9:45 and 11:30
2026-06-08 05:43:45,648 [INFO]   + Options VWAP: informational context at entry/pulse/exit
2026-06-08 05:43:45,648 [INFO] 
2026-06-08 05:43:45,648 [INFO] V2.5.12 [CURRENT LOCKED — Rs 6,88,158 / WR 64.5% / 363 trades / MaxDD -1,119 / Red 5/18]
2026-06-08 05:43:45,648 [INFO]   SOURCE: VRL (Vishal Rajput) code analysis — peak-based ratchet ladder
2026-06-08 05:43:45,648 [INFO]   + HARDSL tightened -25% → -18% (faster loss cut, less capital exposed)
2026-06-08 05:43:45,648 [INFO]   + 20-min time gate REMOVED — purely peak-based ladder (no waiting)
2026-06-08 05:43:45,648 [INFO]   + Ladder Tier2: peak >= entry+24 → SL = entry+12 (immediate)
2026-06-08 05:43:45,648 [INFO]   + Ladder Tier3: peak >= entry+36 → SL = entry+24 (immediate)
2026-06-08 05:43:45,648 [INFO]   + Entry logic UNCHANGED from V2.5.9
2026-06-08 05:43:45,649 [INFO]   + Validated: real option data (May 4-21 2026, 12 days)
2026-06-08 05:43:45,649 [INFO]   + Key improvement: MaxDD -1,485 → -1,119 (-25%), Red months 8 → 5
2026-06-08 05:43:45,649 [INFO] 
2026-06-08 05:43:45,649 [INFO] V2.5.12-LIVE [2026-05-29 — FIRST LIVE TRADING SESSION WITH mSTOCK EXECUTION]
2026-06-08 05:43:45,649 [INFO]   + EXECUTION_BROKER switched from kite_paper → mstock_live
2026-06-08 05:43:45,649 [INFO]   + mStock Type B API integrated: login → set_access_token → verify_totp (TOTP auto)
2026-06-08 05:43:45,649 [INFO]   + Instrument master: direct fetch from OpenAPIScripMaster (173k symbols, name field)
2026-06-08 05:43:45,649 [INFO]   + order_status: mStock returns 'Traded' status (not 'COMPLETE') — mapped correctly
2026-06-08 05:43:45,649 [INFO]   + place_order: disclosedquantity="0" required (blank causes IA400 rejection)
2026-06-08 05:43:45,649 [INFO]   + IP 18.212.243.203 (PythonAnywhere) whitelisted in mStock API settings
2026-06-08 05:43:45,649 [INFO]   + BUY: 15s timeout, cancel-and-check on timeout, abort if not filled
2026-06-08 05:43:45,649 [INFO]   + SELL: 3 retries × 5s, 🚨 CRITICAL Telegram alert if all fail, POS.active stays True
2026-06-08 05:43:45,649 [INFO]   + V3 REGIME GATE REMOVED: V3 now fires in CHOP/INSUFFICIENT regime
2026-06-08 05:43:45,649 [INFO]       Root cause of bug: regime gate wrapped ALL signals including V3;
2026-06-08 05:43:45,649 [INFO]       V3 uses cluster break/reject as its own confirmation — ADX not needed
2026-06-08 05:43:45,649 [INFO]       V2 and FLIP remain regime-gated (BULL/BEAR/TRANSITION only)
2026-06-08 05:43:45,649 [INFO]   + V3 engine: acts on ALL Grade A/B clusters simultaneously (not just nearest)
2026-06-08 05:43:45,650 [INFO]   + PREMIUM_MAX asymmetric: CE=180 (unchanged), PE=300 (was 180, captures panic moves)
2026-06-08 05:43:45,650 [INFO]   + VWAP double confirmation engine (new):
2026-06-08 05:43:45,650 [INFO]       Fires when Nifty 15m bar crosses daily VWAP with body>=50% range
2026-06-08 05:43:45,650 [INFO]       AND ATM CE/PE LTP is also above/below its daily VWAP simultaneously
2026-06-08 05:43:45,650 [INFO]       Self-confirming like V3 — no regime gate
2026-06-08 05:43:45,650 [INFO]   + LOTS_PER_TRADE = 2 (live)
2026-06-08 05:43:45,650 [INFO] 
2026-06-08 05:43:45,650 [INFO] V2.5.13 [VWAP TRAIL EXIT + BOOT SELF-TEST + STABILITY FIXES]
2026-06-08 05:43:45,650 [INFO]   + VWAP engine trades: trail exit uses option's own VWAP (15m close < option VWAP)
2026-06-08 05:43:45,650 [INFO]     instead of SMA8(low) trail — holds through pullbacks better on VWAP-confirmed moves
2026-06-08 05:43:45,650 [INFO]   + V2/V3/FLIP trades: keep original SMA8(low) trail (unchanged)
2026-06-08 05:43:45,650 [INFO]   + Boot self-test: BUY (LIMIT ₹0.05) + SELL (LIMIT ₹9999) on deep OTM option at startup
2026-06-08 05:43:45,650 [INFO]     Both must succeed and cancel cleanly or bot aborts — confirms mStock connectivity + IP
2026-06-08 05:43:45,650 [INFO]   + MStockBroker class inlined into single .py file (no separate mstock_broker.py)
2026-06-08 05:43:45,650 [INFO]   + IA403 recovery: rebuilds SDK client from scratch on IP mismatch, 3 consecutive → halt
2026-06-08 05:43:45,651 [INFO]   + Position sync cooldown: 180s → 300s (avoids false MANUAL_EXIT on slow fills)
2026-06-08 05:43:45,651 [INFO]   + MANUAL_EXIT fix: clears buy_order_id before close_trade to prevent duplicate SELL
2026-06-08 05:43:45,651 [INFO]   + State file: added date field, resets trades_today/losses on new day boundary
2026-06-08 05:43:45,651 [INFO]   + VWAP dedup log spam removed (silent return on same-bar re-fire)
2026-06-08 05:43:45,651 [INFO] 
2026-06-08 05:43:45,651 [INFO] V2.5.14 [TIERED PROFIT LOCK LADDER — inspired by VRL]
2026-06-08 05:43:45,651 [INFO]   + Replaced sparse 3-tier ratchet (Velvet Rope + T2 + T3 + Runner) with 7-tier ladder
2026-06-08 05:43:45,651 [INFO]   + Ladder: +12→+2, +18→+8, +24→+12, +30→+20, +36→+24, +40→+30, +50→+40
2026-06-08 05:43:45,651 [INFO]   + More tiers = less profit give-back on sharp reversals
2026-06-08 05:43:45,651 [INFO]   + Checked every tick (not candle-based) — same as before but tighter protection
2026-06-08 05:43:45,651 [INFO]   + Unified code: single loop replaces 3 separate sections (3a/3b/3c → 3)
2026-06-08 05:43:45,651 [INFO]   + VWAP engine upgraded to TRIPLE confirmation:
2026-06-08 05:43:45,651 [INFO]     Gate 1 (PRIMARY): Nifty FUTURES 15m close crosses futures VWAP, body >= 50%
2026-06-08 05:43:45,651 [INFO]     Gate 2: Nifty SPOT 15m close same direction above/below spot VWAP
2026-06-08 05:43:45,651 [INFO]     Gate 3: ATM option LTP above/below option's own VWAP
2026-06-08 05:43:45,651 [INFO]   + Futures VWAP is now the primary decision criterion — real margin-backed money
2026-06-08 05:43:45,651 [INFO]   + Nifty FUT token auto-resolved from Kite instruments at boot (no hardcoding)
2026-06-08 05:43:45,652 [INFO] 
2026-06-08 05:43:45,652 [INFO] === REJECTED DECISIONS (DO NOT RE-ADD WITHOUT NEW BACKTEST EVIDENCE) ===
2026-06-08 05:43:45,652 [INFO]   SKIP_HOUR_13         : -Rs 46k (kills profitable flips in that window)
2026-06-08 05:43:45,652 [INFO]   SKIP_TUESDAYS        : +Rs 56k but calendar-overfit; RSI gate replaces
2026-06-08 05:43:45,652 [INFO]   ADX<20 filter        : -Rs 16k
2026-06-08 05:43:45,652 [INFO]   ADX<25 filter        : -Rs 34k
2026-06-08 05:43:45,652 [INFO]   BE armor at +15%     : net negative
2026-06-08 05:43:45,652 [INFO]   Same-side flip       : -Rs 191k CATASTROPHIC
2026-06-08 05:43:45,652 [INFO]   REVERSAL_FLIP=True   : WR 12% vs 33%
2026-06-08 05:43:45,652 [INFO]   K cap on CE          : hurts WR (no cap is better)
2026-06-08 05:43:45,652 [INFO]   V2.5.10 macro SMA50  : -Rs 2.3L vs V2.5.9; lagging filter blocked PE in bear phases
2026-06-08 05:43:45,652 [INFO]   V2.5.11 straddle halt: straddle expansion days WR 69.8% > normal 66.9%;
2026-06-08 05:43:45,652 [INFO]                          halting on expansion removed profitable trades (+Rs 2,54,234 phantom)
2026-06-08 05:43:48,461 [INFO] [boot] Logs pushed to GitHub: Nifty_FlightRecorder_V2_5_14_20260608_111343.log, Nifty_BarLevel_V2_5_14_20260608_111343.csv
2026-06-08 05:43:49,384 [INFO] [VWAP] Signal — FUT 23278>23222 body=90% side=CE
2026-06-08 05:43:49,833 [INFO] ENTRY: NFO:NIFTY2660923200CE @ 122.90  engine=VWAP  detail=FUT VWAP 23278>23222 body=90% | bar=148
2026-06-08 05:43:50,278 [INFO] [INDICATORS] spot=23202.9 | 1h: close=23174.2 sma20=23372.8 sma50=23518.1 rsi=34.3 macd=-47.64/-41.11(bear) | 15m: K=31.6↑(prev 22.4) | regime=PE-eligible halted=False active=True
2026-06-08 05:43:50,278 [INFO] [SIGNAL] CE: reg=False K=False(K=31.6>=38,rising) Kextr=True RSI=False(34.3>53) MACD=False => BLOCK | PE: reg=True K=False(K=31.6<=80,falling) Kextr=False RSI=True(34.3<47) MACD=True => BLOCK
2026-06-08 05:43:50,278 [INFO] [STATE] CE NFO:NIFTY2660923200CE ltp=0.00 entry=122.90 pnl=-122.90(-100.0%) sl=100.78 peak=122.90 tr_armed=False elapsed=0min
2026-06-08 05:49:05,076 [INFO] [INDICATORS] spot=23188.2 | 1h: close=23198.8 sma20=23373.7 sma50=23503.3 rsi=36.4 macd=-56.46/-44.18(bear) | 15m: K=38.6↑(prev 31.6) | regime=PE-eligible halted=False active=True
2026-06-08 05:49:05,076 [INFO] [SIGNAL] CE: reg=False K=True(K=38.6>=38,rising) Kextr=True RSI=False(36.4>53) MACD=False => BLOCK | PE: reg=True K=False(K=38.6<=80,falling) Kextr=False RSI=True(36.4<47) MACD=True => BLOCK
2026-06-08 05:49:05,076 [INFO] [STATE] CE NFO:NIFTY2660923200CE ltp=115.20 entry=122.90 pnl=-7.70(-6.3%) sl=100.78 peak=122.90 tr_armed=False elapsed=5min
2026-06-08 05:49:06,357 [INFO] [periodic] Logs pushed to GitHub: Nifty_FlightRecorder_V2_5_14_20260608_111343.log, Nifty_BarLevel_V2_5_14_20260608_111343.csv
2026-06-08 05:54:20,301 [INFO] [INDICATORS] spot=23186.0 | 1h: close=23198.8 sma20=23373.7 sma50=23503.3 rsi=36.4 macd=-56.46/-44.18(bear) | 15m: K=38.6↑(prev 31.6) | regime=PE-eligible halted=False active=True
2026-06-08 05:54:20,302 [INFO] [SIGNAL] CE: reg=False K=True(K=38.6>=38,rising) Kextr=True RSI=False(36.4>53) MACD=False => BLOCK | PE: reg=True K=False(K=38.6<=80,falling) Kextr=False RSI=True(36.4<47) MACD=True => BLOCK
2026-06-08 05:54:20,302 [INFO] [STATE] CE NFO:NIFTY2660923200CE ltp=112.40 entry=122.90 pnl=-10.50(-8.5%) sl=100.78 peak=122.90 tr_armed=False elapsed=10min
2026-06-08 05:54:21,579 [INFO] [periodic] Logs pushed to GitHub: Nifty_FlightRecorder_V2_5_14_20260608_111343.log, Nifty_BarLevel_V2_5_14_20260608_111343.csv
2026-06-08 05:59:36,093 [INFO] [INDICATORS] spot=23187.3 | 1h: close=23198.8 sma20=23373.7 sma50=23503.3 rsi=36.4 macd=-56.46/-44.18(bear) | 15m: K=38.6↑(prev 31.6) | regime=PE-eligible halted=False active=True
2026-06-08 05:59:36,094 [INFO] [SIGNAL] CE: reg=False K=True(K=38.6>=38,rising) Kextr=True RSI=False(36.4>53) MACD=False => BLOCK | PE: reg=True K=False(K=38.6<=80,falling) Kextr=False RSI=True(36.4<47) MACD=True => BLOCK
2026-06-08 05:59:36,094 [INFO] [STATE] CE NFO:NIFTY2660923200CE ltp=115.75 entry=122.90 pnl=-7.15(-5.8%) sl=100.78 peak=122.90 tr_armed=False elapsed=15min
2026-06-08 05:59:37,345 [INFO] [periodic] Logs pushed to GitHub: Nifty_FlightRecorder_V2_5_14_20260608_111343.log, Nifty_BarLevel_V2_5_14_20260608_111343.csv
2026-06-08 06:04:52,520 [INFO] [INDICATORS] spot=23197.2 | 1h: close=23198.8 sma20=23373.7 sma50=23503.3 rsi=36.4 macd=-56.46/-44.18(bear) | 15m: K=39.8↑(prev 38.6) | regime=PE-eligible halted=False active=True
2026-06-08 06:04:52,521 [INFO] [SIGNAL] CE: reg=False K=True(K=39.8>=38,rising) Kextr=True RSI=False(36.4>53) MACD=False => BLOCK | PE: reg=True K=False(K=39.8<=80,falling) Kextr=False RSI=True(36.4<47) MACD=True => BLOCK
2026-06-08 06:04:52,521 [INFO] [STATE] CE NFO:NIFTY2660923200CE ltp=119.45 entry=122.90 pnl=-3.45(-2.8%) sl=100.78 peak=122.90 tr_armed=False elapsed=21min
2026-06-08 06:04:53,843 [INFO] [periodic] Logs pushed to GitHub: Nifty_FlightRecorder_V2_5_14_20260608_111343.log, Nifty_BarLevel_V2_5_14_20260608_111343.csv
2026-06-08 06:10:08,706 [INFO] [INDICATORS] spot=23205.6 | 1h: close=23198.8 sma20=23373.7 sma50=23503.3 rsi=36.4 macd=-56.46/-44.18(bear) | 15m: K=39.8↑(prev 38.6) | regime=PE-eligible halted=False active=True
2026-06-08 06:10:08,706 [INFO] [SIGNAL] CE: reg=False K=True(K=39.8>=38,rising) Kextr=True RSI=False(36.4>53) MACD=False => BLOCK | PE: reg=True K=False(K=39.8<=80,falling) Kextr=False RSI=True(36.4<47) MACD=True => BLOCK
2026-06-08 06:10:08,706 [INFO] [STATE] CE NFO:NIFTY2660923200CE ltp=125.60 entry=122.90 pnl=+2.70(+2.2%) sl=100.78 peak=128.55 tr_armed=False elapsed=26min
2026-06-08 06:10:10,096 [INFO] [periodic] Logs pushed to GitHub: Nifty_FlightRecorder_V2_5_14_20260608_111343.log, Nifty_BarLevel_V2_5_14_20260608_111343.csv
2026-06-08 06:15:25,893 [INFO] [INDICATORS] spot=23201.8 | 1h: close=23198.8 sma20=23373.7 sma50=23503.3 rsi=36.4 macd=-56.46/-44.18(bear) | 15m: K=39.9↑(prev 39.8) | regime=PE-eligible halted=False active=True
2026-06-08 06:15:25,893 [INFO] [SIGNAL] CE: reg=False K=True(K=39.9>=38,rising) Kextr=False RSI=False(36.4>53) MACD=False => BLOCK | PE: reg=True K=False(K=39.9<=80,falling) Kextr=False RSI=True(36.4<47) MACD=True => BLOCK
2026-06-08 06:15:25,893 [INFO] [STATE] CE NFO:NIFTY2660923200CE ltp=121.85 entry=122.90 pnl=-1.05(-0.9%) sl=100.78 peak=128.55 tr_armed=False elapsed=31min
2026-06-08 06:15:27,290 [INFO] [periodic] Logs pushed to GitHub: Nifty_FlightRecorder_V2_5_14_20260608_111343.log, Nifty_BarLevel_V2_5_14_20260608_111343.csv
2026-06-08 06:20:41,352 [INFO] [INDICATORS] spot=23211.8 | 1h: close=23198.8 sma20=23373.7 sma50=23503.3 rsi=36.4 macd=-56.46/-44.18(bear) | 15m: K=39.9↑(prev 39.8) | regime=PE-eligible halted=False active=True
2026-06-08 06:20:41,353 [INFO] [SIGNAL] CE: reg=False K=True(K=39.9>=38,rising) Kextr=False RSI=False(36.4>53) MACD=False => BLOCK | PE: reg=True K=False(K=39.9<=80,falling) Kextr=False RSI=True(36.4<47) MACD=True => BLOCK
2026-06-08 06:20:41,353 [INFO] [STATE] CE NFO:NIFTY2660923200CE ltp=128.00 entry=122.90 pnl=+5.10(+4.1%) sl=100.78 peak=129.95 tr_armed=False elapsed=36min
2026-06-08 06:20:42,735 [INFO] [periodic] Logs pushed to GitHub: Nifty_FlightRecorder_V2_5_14_20260608_111343.log, Nifty_BarLevel_V2_5_14_20260608_111343.csv
2026-06-08 06:25:56,596 [INFO] [INDICATORS] spot=23206.8 | 1h: close=23198.8 sma20=23373.7 sma50=23503.3 rsi=36.4 macd=-56.46/-44.18(bear) | 15m: K=39.9↑(prev 39.8) | regime=PE-eligible halted=False active=True
2026-06-08 06:25:56,596 [INFO] [SIGNAL] CE: reg=False K=True(K=39.9>=38,rising) Kextr=False RSI=False(36.4>53) MACD=False => BLOCK | PE: reg=True K=False(K=39.9<=80,falling) Kextr=False RSI=True(36.4<47) MACD=True => BLOCK
2026-06-08 06:25:56,596 [INFO] [STATE] CE NFO:NIFTY2660923200CE ltp=124.50 entry=122.90 pnl=+1.60(+1.3%) sl=100.78 peak=129.95 tr_armed=False elapsed=42min
2026-06-08 06:25:57,876 [INFO] [periodic] Logs pushed to GitHub: Nifty_FlightRecorder_V2_5_14_20260608_111343.log, Nifty_BarLevel_V2_5_14_20260608_111343.csv
2026-06-08 06:31:12,566 [INFO] [INDICATORS] spot=23201.0 | 1h: close=23198.8 sma20=23373.7 sma50=23503.3 rsi=36.4 macd=-56.46/-44.18(bear) | 15m: K=45.7↑(prev 39.9) | regime=PE-eligible halted=False active=True
2026-06-08 06:31:12,566 [INFO] [SIGNAL] CE: reg=False K=True(K=45.7>=38,rising) Kextr=False RSI=False(36.4>53) MACD=False => BLOCK | PE: reg=True K=False(K=45.7<=80,falling) Kextr=False RSI=True(36.4<47) MACD=True => BLOCK
2026-06-08 06:31:12,566 [INFO] [STATE] CE NFO:NIFTY2660923200CE ltp=122.95 entry=122.90 pnl=+0.05(+0.0%) sl=100.78 peak=130.15 tr_armed=False elapsed=47min
2026-06-08 06:31:13,997 [INFO] [periodic] Logs pushed to GitHub: Nifty_FlightRecorder_V2_5_14_20260608_111343.log, Nifty_BarLevel_V2_5_14_20260608_111343.csv
2026-06-08 06:36:27,802 [INFO] [INDICATORS] spot=23205.1 | 1h: close=23198.8 sma20=23373.7 sma50=23503.3 rsi=36.4 macd=-56.46/-44.18(bear) | 15m: K=45.7↑(prev 39.9) | regime=PE-eligible halted=False active=True
2026-06-08 06:36:27,802 [INFO] [SIGNAL] CE: reg=False K=True(K=45.7>=38,rising) Kextr=False RSI=False(36.4>53) MACD=False => BLOCK | PE: reg=True K=False(K=45.7<=80,falling) Kextr=False RSI=True(36.4<47) MACD=True => BLOCK
2026-06-08 06:36:27,803 [INFO] [STATE] CE NFO:NIFTY2660923200CE ltp=123.00 entry=122.90 pnl=+0.10(+0.1%) sl=100.78 peak=130.15 tr_armed=False elapsed=52min
2026-06-08 06:36:29,190 [INFO] [periodic] Logs pushed to GitHub: Nifty_FlightRecorder_V2_5_14_20260608_111343.log, Nifty_BarLevel_V2_5_14_20260608_111343.csv
2026-06-08 06:41:43,162 [INFO] [INDICATORS] spot=23220.6 | 1h: close=23198.8 sma20=23373.7 sma50=23503.3 rsi=36.4 macd=-56.46/-44.18(bear) | 15m: K=45.7↑(prev 39.9) | regime=PE-eligible halted=False active=True
2026-06-08 06:41:43,163 [INFO] [SIGNAL] CE: reg=False K=True(K=45.7>=38,rising) Kextr=False RSI=False(36.4>53) MACD=False => BLOCK | PE: reg=True K=False(K=45.7<=80,falling) Kextr=False RSI=True(36.4<47) MACD=True => BLOCK
2026-06-08 06:41:43,163 [INFO] [STATE] CE NFO:NIFTY2660923200CE ltp=137.20 entry=122.90 pnl=+14.30(+11.6%) sl=100.78 peak=137.20 tr_armed=False elapsed=57min
2026-06-08 06:41:44,679 [INFO] [periodic] Logs pushed to GitHub: Nifty_FlightRecorder_V2_5_14_20260608_111343.log, Nifty_BarLevel_V2_5_14_20260608_111343.csv
2026-06-08 06:47:06,588 [INFO] [INDICATORS] spot=23212.3 | 1h: close=23212.5 sma20=23369.4 sma50=23488.3 rsi=37.6 macd=-61.63/-47.67(bear) | 15m: K=55.3↑(prev 45.7) | regime=PE-eligible halted=False active=True
2026-06-08 06:47:06,589 [INFO] [SIGNAL] CE: reg=False K=True(K=55.3>=38,rising) Kextr=False RSI=False(37.6>53) MACD=False => BLOCK | PE: reg=True K=False(K=55.3<=80,falling) Kextr=False RSI=True(37.6<47) MACD=True => BLOCK
2026-06-08 06:47:06,589 [INFO] [STATE] CE NFO:NIFTY2660923200CE ltp=129.50 entry=122.90 pnl=+6.60(+5.4%) sl=100.78 peak=137.20 tr_armed=False elapsed=63min
2026-06-08 06:47:08,086 [INFO] [periodic] Logs pushed to GitHub: Nifty_FlightRecorder_V2_5_14_20260608_111343.log, Nifty_BarLevel_V2_5_14_20260608_111343.csv
2026-06-08 06:52:22,029 [INFO] [INDICATORS] spot=23217.1 | 1h: close=23212.5 sma20=23369.4 sma50=23488.3 rsi=37.6 macd=-61.63/-47.67(bear) | 15m: K=55.3↑(prev 45.7) | regime=PE-eligible halted=False active=True
2026-06-08 06:52:22,030 [INFO] [SIGNAL] CE: reg=False K=True(K=55.3>=38,rising) Kextr=False RSI=False(37.6>53) MACD=False => BLOCK | PE: reg=True K=False(K=55.3<=80,falling) Kextr=False RSI=True(37.6<47) MACD=True => BLOCK
2026-06-08 06:52:22,030 [INFO] [STATE] CE NFO:NIFTY2660923200CE ltp=133.00 entry=122.90 pnl=+10.10(+8.2%) sl=100.78 peak=137.20 tr_armed=False elapsed=68min
2026-06-08 06:52:23,433 [INFO] [periodic] Logs pushed to GitHub: Nifty_FlightRecorder_V2_5_14_20260608_111343.log, Nifty_BarLevel_V2_5_14_20260608_111343.csv
2026-06-08 06:57:37,444 [INFO] [INDICATORS] spot=23219.5 | 1h: close=23212.5 sma20=23369.4 sma50=23488.3 rsi=37.6 macd=-61.63/-47.67(bear) | 15m: K=55.3↑(prev 45.7) | regime=PE-eligible halted=False active=True
2026-06-08 06:57:37,445 [INFO] [SIGNAL] CE: reg=False K=True(K=55.3>=38,rising) Kextr=False RSI=False(37.6>53) MACD=False => BLOCK | PE: reg=True K=False(K=55.3<=80,falling) Kextr=False RSI=True(37.6<47) MACD=True => BLOCK
2026-06-08 06:57:37,445 [INFO] [STATE] CE NFO:NIFTY2660923200CE ltp=130.30 entry=122.90 pnl=+7.40(+6.0%) sl=100.78 peak=137.35 tr_armed=False elapsed=73min
2026-06-08 06:57:38,816 [INFO] [periodic] Logs pushed to GitHub: Nifty_FlightRecorder_V2_5_14_20260608_111343.log, Nifty_BarLevel_V2_5_14_20260608_111343.csv
2026-06-08 07:02:53,851 [INFO] [INDICATORS] spot=23216.2 | 1h: close=23212.5 sma20=23369.4 sma50=23488.3 rsi=37.6 macd=-61.63/-47.67(bear) | 15m: K=62.4↑(prev 55.3) | regime=PE-eligible halted=False active=True
2026-06-08 07:02:53,852 [INFO] [SIGNAL] CE: reg=False K=True(K=62.4>=38,rising) Kextr=False RSI=False(37.6>53) MACD=False => BLOCK | PE: reg=True K=False(K=62.4<=80,falling) Kextr=False RSI=True(37.6<47) MACD=True => BLOCK
2026-06-08 07:02:53,852 [INFO] [STATE] CE NFO:NIFTY2660923200CE ltp=129.65 entry=122.90 pnl=+6.75(+5.5%) sl=100.78 peak=137.35 tr_armed=False elapsed=79min
2026-06-08 07:02:55,483 [INFO] [periodic] Logs pushed to GitHub: Nifty_FlightRecorder_V2_5_14_20260608_111343.log, Nifty_BarLevel_V2_5_14_20260608_111343.csv
2026-06-08 07:08:09,838 [INFO] [INDICATORS] spot=23219.5 | 1h: close=23212.5 sma20=23369.4 sma50=23488.3 rsi=37.6 macd=-61.63/-47.67(bear) | 15m: K=62.4↑(prev 55.3) | regime=PE-eligible halted=False active=True
2026-06-08 07:08:09,838 [INFO] [SIGNAL] CE: reg=False K=True(K=62.4>=38,rising) Kextr=False RSI=False(37.6>53) MACD=False => BLOCK | PE: reg=True K=False(K=62.4<=80,falling) Kextr=False RSI=True(37.6<47) MACD=True => BLOCK
2026-06-08 07:08:09,838 [INFO] [STATE] CE NFO:NIFTY2660923200CE ltp=132.90 entry=122.90 pnl=+10.00(+8.1%) sl=100.78 peak=137.35 tr_armed=False elapsed=84min
2026-06-08 07:08:11,846 [INFO] [periodic] Logs pushed to GitHub: Nifty_FlightRecorder_V2_5_14_20260608_111343.log, Nifty_BarLevel_V2_5_14_20260608_111343.csv
2026-06-08 07:13:27,396 [INFO] [INDICATORS] spot=23230.5 | 1h: close=23212.5 sma20=23369.4 sma50=23488.3 rsi=37.6 macd=-61.63/-47.67(bear) | 15m: K=62.4↑(prev 55.3) | regime=PE-eligible halted=False active=True
2026-06-08 07:13:27,396 [INFO] [SIGNAL] CE: reg=False K=True(K=62.4>=38,rising) Kextr=False RSI=False(37.6>53) MACD=False => BLOCK | PE: reg=True K=False(K=62.4<=80,falling) Kextr=False RSI=True(37.6<47) MACD=True => BLOCK
2026-06-08 07:13:27,397 [INFO] [STATE] CE NFO:NIFTY2660923200CE ltp=139.55 entry=122.90 pnl=+16.65(+13.5%) sl=134.75 peak=139.75 tr_armed=True elapsed=89min
2026-06-08 07:13:29,008 [INFO] [periodic] Logs pushed to GitHub: Nifty_FlightRecorder_V2_5_14_20260608_111343.log, Nifty_BarLevel_V2_5_14_20260608_111343.csv
2026-06-08 07:14:00,341 [INFO] [TRAIL] SL ratcheted 134.75 → 148.20  (peak=153.20)
2026-06-08 07:14:31,928 [INFO] EXIT: NFO:NIFTY2660923200CE @ 148.20 reason=TRAIL_+25 pnl/sh=+25.30 is_flip=False losses=0/3
2026-06-08 07:18:42,787 [INFO] [INDICATORS] spot=23240.0 | 1h: close=23212.5 sma20=23369.4 sma50=23488.3 rsi=37.6 macd=-61.63/-47.67(bear) | 15m: K=77.0↑(prev 62.4) | regime=PE-eligible halted=False active=False
2026-06-08 07:18:42,787 [INFO] [SIGNAL] CE: reg=False K=True(K=77.0>=38,rising) Kextr=False RSI=False(37.6>53) MACD=False => BLOCK | PE: reg=True K=False(K=77.0<=80,falling) Kextr=True RSI=True(37.6<47) MACD=True => BLOCK
2026-06-08 07:18:44,248 [INFO] [periodic] Logs pushed to GitHub: Nifty_FlightRecorder_V2_5_14_20260608_111343.log, Nifty_BarLevel_V2_5_14_20260608_111343.csv
2026-06-08 07:23:54,982 [INFO] [INDICATORS] spot=23246.3 | 1h: close=23212.5 sma20=23369.4 sma50=23488.3 rsi=37.6 macd=-61.63/-47.67(bear) | 15m: K=77.0↑(prev 62.4) | regime=PE-eligible halted=False active=False
2026-06-08 07:23:54,983 [INFO] [SIGNAL] CE: reg=False K=True(K=77.0>=38,rising) Kextr=False RSI=False(37.6>53) MACD=False => BLOCK | PE: reg=True K=False(K=77.0<=80,falling) Kextr=True RSI=True(37.6<47) MACD=True => BLOCK
2026-06-08 07:23:56,542 [INFO] [periodic] Logs pushed to GitHub: Nifty_FlightRecorder_V2_5_14_20260608_111343.log, Nifty_BarLevel_V2_5_14_20260608_111343.csv
2026-06-08 07:29:06,955 [INFO] [INDICATORS] spot=23247.7 | 1h: close=23212.5 sma20=23369.4 sma50=23488.3 rsi=37.6 macd=-61.63/-47.67(bear) | 15m: K=77.0↑(prev 62.4) | regime=PE-eligible halted=False active=False
2026-06-08 07:29:06,955 [INFO] [SIGNAL] CE: reg=False K=True(K=77.0>=38,rising) Kextr=False RSI=False(37.6>53) MACD=False => BLOCK | PE: reg=True K=False(K=77.0<=80,falling) Kextr=True RSI=True(37.6<47) MACD=True => BLOCK
2026-06-08 07:29:08,470 [INFO] [periodic] Logs pushed to GitHub: Nifty_FlightRecorder_V2_5_14_20260608_111343.log, Nifty_BarLevel_V2_5_14_20260608_111343.csv
2026-06-08 07:34:19,154 [INFO] [INDICATORS] spot=23235.8 | 1h: close=23212.5 sma20=23369.4 sma50=23488.3 rsi=37.6 macd=-61.63/-47.67(bear) | 15m: K=89.4↑(prev 77.0) | regime=PE-eligible halted=False active=False
2026-06-08 07:34:19,154 [INFO] [SIGNAL] CE: reg=False K=True(K=89.4>=38,rising) Kextr=False RSI=False(37.6>53) MACD=False => BLOCK | PE: reg=True K=False(K=89.4<=80,falling) Kextr=True RSI=True(37.6<47) MACD=True => BLOCK
2026-06-08 07:34:20,588 [INFO] [periodic] Logs pushed to GitHub: Nifty_FlightRecorder_V2_5_14_20260608_111343.log, Nifty_BarLevel_V2_5_14_20260608_111343.csv
2026-06-08 07:39:30,483 [INFO] [INDICATORS] spot=23219.4 | 1h: close=23212.5 sma20=23369.4 sma50=23488.3 rsi=37.6 macd=-61.63/-47.67(bear) | 15m: K=89.4↑(prev 77.0) | regime=PE-eligible halted=False active=False
2026-06-08 07:39:30,484 [INFO] [SIGNAL] CE: reg=False K=True(K=89.4>=38,rising) Kextr=False RSI=False(37.6>53) MACD=False => BLOCK | PE: reg=True K=False(K=89.4<=80,falling) Kextr=True RSI=True(37.6<47) MACD=True => BLOCK
2026-06-08 07:39:32,281 [INFO] [periodic] Logs pushed to GitHub: Nifty_FlightRecorder_V2_5_14_20260608_111343.log, Nifty_BarLevel_V2_5_14_20260608_111343.csv
2026-06-08 07:44:42,551 [INFO] [INDICATORS] spot=23215.4 | 1h: close=23212.5 sma20=23369.4 sma50=23488.3 rsi=37.6 macd=-61.63/-47.67(bear) | 15m: K=89.4↑(prev 77.0) | regime=PE-eligible halted=False active=False
2026-06-08 07:44:42,551 [INFO] [SIGNAL] CE: reg=False K=True(K=89.4>=38,rising) Kextr=False RSI=False(37.6>53) MACD=False => BLOCK | PE: reg=True K=False(K=89.4<=80,falling) Kextr=True RSI=True(37.6<47) MACD=True => BLOCK
2026-06-08 07:44:44,204 [INFO] [periodic] Logs pushed to GitHub: Nifty_FlightRecorder_V2_5_14_20260608_111343.log, Nifty_BarLevel_V2_5_14_20260608_111343.csv
2026-06-08 07:45:15,710 [INFO] ENTRY: NFO:NIFTY2660923200PE @ 94.60  engine=V3  detail=Grade B R-cluster BREAK-PE at 23249
2026-06-08 07:50:00,455 [INFO] [INDICATORS] spot=23214.8 | 1h: close=23216.3 sma20=23360.8 sma50=23474.1 rsi=38.0 macd=-64.68/-51.07(bear) | 15m: K=89.4↓(prev 89.4) | regime=PE-eligible halted=False active=True
2026-06-08 07:50:00,459 [INFO] [SIGNAL] CE: reg=False K=False(K=89.4>=38,rising) Kextr=False RSI=False(38.0>53) MACD=False => BLOCK | PE: reg=True K=False(K=89.4<=80,falling) Kextr=True RSI=True(38.0<47) MACD=True => BLOCK
2026-06-08 07:50:00,459 [INFO] [STATE] PE NFO:NIFTY2660923200PE ltp=93.55 entry=94.60 pnl=-1.05(-1.1%) sl=77.57 peak=94.60 tr_armed=False elapsed=4min
2026-06-08 07:50:02,201 [INFO] [periodic] Logs pushed to GitHub: Nifty_FlightRecorder_V2_5_14_20260608_111343.log, Nifty_BarLevel_V2_5_14_20260608_111343.csv
2026-06-08 07:55:17,076 [INFO] [INDICATORS] spot=23210.1 | 1h: close=23216.3 sma20=23360.8 sma50=23474.1 rsi=38.0 macd=-64.68/-51.07(bear) | 15m: K=89.4↓(prev 89.4) | regime=PE-eligible halted=False active=True
2026-06-08 07:55:17,076 [INFO] [SIGNAL] CE: reg=False K=False(K=89.4>=38,rising) Kextr=False RSI=False(38.0>53) MACD=False => BLOCK | PE: reg=True K=False(K=89.4<=80,falling) Kextr=True RSI=True(38.0<47) MACD=True => BLOCK
2026-06-08 07:55:17,077 [INFO] [STATE] PE NFO:NIFTY2660923200PE ltp=95.60 entry=94.60 pnl=+1.00(+1.1%) sl=77.57 peak=97.00 tr_armed=False elapsed=10min
2026-06-08 07:55:18,726 [INFO] [periodic] Logs pushed to GitHub: Nifty_FlightRecorder_V2_5_14_20260608_111343.log, Nifty_BarLevel_V2_5_14_20260608_111343.csv
2026-06-08 08:00:02,455 [INFO] EXIT: NFO:NIFTY2660923200PE @ 96.80 reason=SMA8_LOW_TRAIL pnl/sh=+2.20 is_flip=False losses=0/3
2026-06-08 08:00:34,338 [INFO] ENTRY: NFO:NIFTY2660923200PE @ 95.15  engine=V2  detail=K=76.3↓ RSI=38.0 MACD✓
2026-06-08 08:00:34,787 [INFO] [INDICATORS] spot=23212.2 | 1h: close=23216.3 sma20=23360.8 sma50=23474.1 rsi=38.0 macd=-64.68/-51.07(bear) | 15m: K=76.3↓(prev 89.4) | regime=PE-eligible halted=False active=True
2026-06-08 08:00:34,787 [INFO] [SIGNAL] CE: reg=False K=False(K=76.3>=38,rising) Kextr=False RSI=False(38.0>53) MACD=False => BLOCK | PE: reg=True K=True(K=76.3<=80,falling) Kextr=True RSI=True(38.0<47) MACD=True => PASS
2026-06-08 08:00:34,787 [INFO] [STATE] PE NFO:NIFTY2660923200PE ltp=96.80 entry=95.15 pnl=+1.65(+1.7%) sl=78.02 peak=95.15 tr_armed=False elapsed=0min
2026-06-08 08:00:37,278 [INFO] [periodic] Logs pushed to GitHub: Nifty_FlightRecorder_V2_5_14_20260608_111343.log, Nifty_BarLevel_V2_5_14_20260608_111343.csv
2026-06-08 08:05:53,032 [INFO] [INDICATORS] spot=23193.5 | 1h: close=23216.3 sma20=23360.8 sma50=23474.1 rsi=38.0 macd=-64.68/-51.07(bear) | 15m: K=76.3↓(prev 89.4) | regime=PE-eligible halted=False active=True
2026-06-08 08:05:53,033 [INFO] [SIGNAL] CE: reg=False K=False(K=76.3>=38,rising) Kextr=False RSI=False(38.0>53) MACD=False => BLOCK | PE: reg=True K=True(K=76.3<=80,falling) Kextr=True RSI=True(38.0<47) MACD=True => PASS
2026-06-08 08:05:53,033 [INFO] [STATE] PE NFO:NIFTY2660923200PE ltp=100.90 entry=95.15 pnl=+5.75(+6.0%) sl=78.02 peak=104.00 tr_armed=False elapsed=5min
2026-06-08 08:05:54,580 [INFO] [periodic] Logs pushed to GitHub: Nifty_FlightRecorder_V2_5_14_20260608_111343.log, Nifty_BarLevel_V2_5_14_20260608_111343.csv
2026-06-08 08:11:10,014 [INFO] [INDICATORS] spot=23185.1 | 1h: close=23216.3 sma20=23360.8 sma50=23474.1 rsi=38.0 macd=-64.68/-51.07(bear) | 15m: K=76.3↓(prev 89.4) | regime=PE-eligible halted=False active=True
2026-06-08 08:11:10,015 [INFO] [SIGNAL] CE: reg=False K=False(K=76.3>=38,rising) Kextr=False RSI=False(38.0>53) MACD=False => BLOCK | PE: reg=True K=True(K=76.3<=80,falling) Kextr=True RSI=True(38.0<47) MACD=True => PASS
2026-06-08 08:11:10,015 [INFO] [STATE] PE NFO:NIFTY2660923200PE ltp=108.90 entry=95.15 pnl=+13.75(+14.5%) sl=78.02 peak=109.25 tr_armed=False elapsed=10min
2026-06-08 08:11:11,522 [INFO] [periodic] Logs pushed to GitHub: Nifty_FlightRecorder_V2_5_14_20260608_111343.log, Nifty_BarLevel_V2_5_14_20260608_111343.csv
2026-06-08 08:14:52,449 [INFO] [TRAIL] SL ratcheted 107.50 → 110.65  (peak=115.65)
2026-06-08 08:15:24,046 [INFO] [TRAIL] SL ratcheted 110.65 → 112.10  (peak=117.10)
2026-06-08 08:15:55,674 [INFO] [TRAIL] SL ratcheted 112.10 → 117.45  (peak=122.45)
2026-06-08 08:16:27,285 [INFO] [TRAIL] SL ratcheted 117.45 → 120.25  (peak=125.25)
2026-06-08 08:16:27,571 [INFO] [INDICATORS] spot=23156.0 | 1h: close=23216.3 sma20=23360.8 sma50=23474.1 rsi=38.0 macd=-64.68/-51.07(bear) | 15m: K=51.2↓(prev 76.3) | regime=PE-eligible halted=False active=True
2026-06-08 08:16:27,571 [INFO] [SIGNAL] CE: reg=False K=False(K=51.2>=38,rising) Kextr=False RSI=False(38.0>53) MACD=False => BLOCK | PE: reg=True K=True(K=51.2<=80,falling) Kextr=True RSI=True(38.0<47) MACD=True => PASS
2026-06-08 08:16:27,571 [INFO] [STATE] PE NFO:NIFTY2660923200PE ltp=125.25 entry=95.15 pnl=+30.10(+31.6%) sl=120.25 peak=125.25 tr_armed=True elapsed=15min
2026-06-08 08:16:29,839 [INFO] [periodic] Logs pushed to GitHub: Nifty_FlightRecorder_V2_5_14_20260608_111343.log, Nifty_BarLevel_V2_5_14_20260608_111343.csv
2026-06-08 08:17:01,606 [INFO] [TRAIL] SL ratcheted 120.25 → 122.45  (peak=127.45)
2026-06-08 08:18:04,628 [INFO] EXIT: NFO:NIFTY2660923200PE @ 122.45 reason=TRAIL_+27 pnl/sh=+27.30 is_flip=False losses=0/3
2026-06-08 08:18:36,676 [INFO] ENTRY: NFO:NIFTY2660923200PE @ 119.95  engine=V2  detail=K=51.2↓ RSI=38.0 MACD✓
2026-06-08 08:21:46,425 [INFO] [INDICATORS] spot=23166.0 | 1h: close=23216.3 sma20=23360.8 sma50=23474.1 rsi=38.0 macd=-64.68/-51.07(bear) | 15m: K=51.2↓(prev 76.3) | regime=PE-eligible halted=False active=True
2026-06-08 08:21:46,425 [INFO] [SIGNAL] CE: reg=False K=False(K=51.2>=38,rising) Kextr=False RSI=False(38.0>53) MACD=False => BLOCK | PE: reg=True K=True(K=51.2<=80,falling) Kextr=True RSI=True(38.0<47) MACD=True => PASS
2026-06-08 08:21:46,426 [INFO] [STATE] PE NFO:NIFTY2660923200PE ltp=118.00 entry=119.95 pnl=-1.95(-1.6%) sl=98.36 peak=119.95 tr_armed=False elapsed=3min
2026-06-08 08:21:47,856 [INFO] [periodic] Logs pushed to GitHub: Nifty_FlightRecorder_V2_5_14_20260608_111343.log, Nifty_BarLevel_V2_5_14_20260608_111343.csv
2026-06-08 08:27:03,276 [INFO] [INDICATORS] spot=23165.1 | 1h: close=23216.3 sma20=23360.8 sma50=23474.1 rsi=38.0 macd=-64.68/-51.07(bear) | 15m: K=51.2↓(prev 76.3) | regime=PE-eligible halted=False active=True
2026-06-08 08:27:03,276 [INFO] [SIGNAL] CE: reg=False K=False(K=51.2>=38,rising) Kextr=False RSI=False(38.0>53) MACD=False => BLOCK | PE: reg=True K=True(K=51.2<=80,falling) Kextr=True RSI=True(38.0<47) MACD=True => PASS
2026-06-08 08:27:03,277 [INFO] [STATE] PE NFO:NIFTY2660923200PE ltp=120.95 entry=119.95 pnl=+1.00(+0.8%) sl=98.36 peak=120.95 tr_armed=False elapsed=8min
2026-06-08 08:27:04,860 [INFO] [periodic] Logs pushed to GitHub: Nifty_FlightRecorder_V2_5_14_20260608_111343.log, Nifty_BarLevel_V2_5_14_20260608_111343.csv
2026-06-08 08:32:21,172 [INFO] [INDICATORS] spot=23178.9 | 1h: close=23216.3 sma20=23360.8 sma50=23474.1 rsi=38.0 macd=-64.68/-51.07(bear) | 15m: K=31.2↓(prev 51.2) | regime=PE-eligible halted=False active=True
2026-06-08 08:32:21,173 [INFO] [SIGNAL] CE: reg=False K=False(K=31.2>=38,rising) Kextr=False RSI=False(38.0>53) MACD=False => BLOCK | PE: reg=True K=True(K=31.2<=80,falling) Kextr=True RSI=True(38.0<47) MACD=True => PASS
2026-06-08 08:32:21,173 [INFO] [STATE] PE NFO:NIFTY2660923200PE ltp=114.20 entry=119.95 pnl=-5.75(-4.8%) sl=98.36 peak=126.85 tr_armed=False elapsed=13min
2026-06-08 08:32:22,692 [INFO] [periodic] Logs pushed to GitHub: Nifty_FlightRecorder_V2_5_14_20260608_111343.log, Nifty_BarLevel_V2_5_14_20260608_111343.csv
2026-06-08 08:37:38,642 [INFO] [INDICATORS] spot=23172.9 | 1h: close=23216.3 sma20=23360.8 sma50=23474.1 rsi=38.0 macd=-64.68/-51.07(bear) | 15m: K=31.2↓(prev 51.2) | regime=PE-eligible halted=False active=True
2026-06-08 08:37:38,643 [INFO] [SIGNAL] CE: reg=False K=False(K=31.2>=38,rising) Kextr=False RSI=False(38.0>53) MACD=False => BLOCK | PE: reg=True K=True(K=31.2<=80,falling) Kextr=True RSI=True(38.0<47) MACD=True => PASS
2026-06-08 08:37:38,643 [INFO] [STATE] PE NFO:NIFTY2660923200PE ltp=119.20 entry=119.95 pnl=-0.75(-0.6%) sl=98.36 peak=126.85 tr_armed=False elapsed=19min
2026-06-08 08:37:40,046 [INFO] [periodic] Logs pushed to GitHub: Nifty_FlightRecorder_V2_5_14_20260608_111343.log, Nifty_BarLevel_V2_5_14_20260608_111343.csv
2026-06-08 08:42:57,051 [INFO] [INDICATORS] spot=23160.4 | 1h: close=23216.3 sma20=23360.8 sma50=23474.1 rsi=38.0 macd=-64.68/-51.07(bear) | 15m: K=31.2↓(prev 51.2) | regime=PE-eligible halted=False active=True
2026-06-08 08:42:57,052 [INFO] [SIGNAL] CE: reg=False K=False(K=31.2>=38,rising) Kextr=False RSI=False(38.0>53) MACD=False => BLOCK | PE: reg=True K=True(K=31.2<=80,falling) Kextr=True RSI=True(38.0<47) MACD=True => PASS
2026-06-08 08:42:57,052 [INFO] [STATE] PE NFO:NIFTY2660923200PE ltp=125.30 entry=119.95 pnl=+5.35(+4.5%) sl=98.36 peak=127.60 tr_armed=False elapsed=24min
2026-06-08 08:42:58,623 [INFO] [periodic] Logs pushed to GitHub: Nifty_FlightRecorder_V2_5_14_20260608_111343.log, Nifty_BarLevel_V2_5_14_20260608_111343.csv
2026-06-08 08:48:14,198 [INFO] [INDICATORS] spot=23149.3 | 1h: close=23156.8 sma20=23348.9 sma50=23459.3 rsi=34.7 macd=-71.07/-55.07(bear) | 15m: K=10.9↓(prev 31.2) | regime=PE-eligible halted=False active=True
2026-06-08 08:48:14,199 [INFO] [SIGNAL] CE: reg=False K=False(K=10.9>=38,rising) Kextr=True RSI=False(34.7>53) MACD=False => BLOCK | PE: reg=True K=False(K=10.9<=80,falling) Kextr=True RSI=True(34.7<47) MACD=True => BLOCK
2026-06-08 08:48:14,199 [INFO] [STATE] PE NFO:NIFTY2660923200PE ltp=131.65 entry=119.95 pnl=+11.70(+9.8%) sl=98.36 peak=132.50 tr_armed=False elapsed=29min
2026-06-08 08:48:15,615 [INFO] [periodic] Logs pushed to GitHub: Nifty_FlightRecorder_V2_5_14_20260608_111343.log, Nifty_BarLevel_V2_5_14_20260608_111343.csv
2026-06-08 08:53:30,266 [INFO] [INDICATORS] spot=23155.3 | 1h: close=23156.8 sma20=23348.9 sma50=23459.3 rsi=34.7 macd=-71.07/-55.07(bear) | 15m: K=10.9↓(prev 31.2) | regime=PE-eligible halted=False active=True
2026-06-08 08:53:30,266 [INFO] [SIGNAL] CE: reg=False K=False(K=10.9>=38,rising) Kextr=True RSI=False(34.7>53) MACD=False => BLOCK | PE: reg=True K=False(K=10.9<=80,falling) Kextr=True RSI=True(34.7<47) MACD=True => BLOCK
2026-06-08 08:53:30,266 [INFO] [STATE] PE NFO:NIFTY2660923200PE ltp=124.75 entry=119.95 pnl=+4.80(+4.0%) sl=98.36 peak=132.50 tr_armed=False elapsed=34min
2026-06-08 08:53:31,928 [INFO] [periodic] Logs pushed to GitHub: Nifty_FlightRecorder_V2_5_14_20260608_111343.log, Nifty_BarLevel_V2_5_14_20260608_111343.csv
2026-06-08 08:58:46,440 [INFO] [INDICATORS] spot=23152.1 | 1h: close=23156.8 sma20=23348.9 sma50=23459.3 rsi=34.7 macd=-71.07/-55.07(bear) | 15m: K=10.9↓(prev 31.2) | regime=PE-eligible halted=False active=True
2026-06-08 08:58:46,440 [INFO] [SIGNAL] CE: reg=False K=False(K=10.9>=38,rising) Kextr=True RSI=False(34.7>53) MACD=False => BLOCK | PE: reg=True K=False(K=10.9<=80,falling) Kextr=True RSI=True(34.7<47) MACD=True => BLOCK
2026-06-08 08:58:46,440 [INFO] [STATE] PE NFO:NIFTY2660923200PE ltp=126.95 entry=119.95 pnl=+7.00(+5.8%) sl=98.36 peak=132.50 tr_armed=False elapsed=40min
2026-06-08 08:58:47,919 [INFO] [periodic] Logs pushed to GitHub: Nifty_FlightRecorder_V2_5_14_20260608_111343.log, Nifty_BarLevel_V2_5_14_20260608_111343.csv
2026-06-08 09:04:04,063 [INFO] [INDICATORS] spot=23156.2 | 1h: close=23156.8 sma20=23348.9 sma50=23459.3 rsi=34.7 macd=-71.07/-55.07(bear) | 15m: K=2.7↓(prev 11.0) | regime=PE-eligible halted=False active=True
2026-06-08 09:04:04,063 [INFO] [SIGNAL] CE: reg=False K=False(K=2.7>=38,rising) Kextr=True RSI=False(34.7>53) MACD=False => BLOCK | PE: reg=True K=False(K=2.7<=80,falling) Kextr=False RSI=True(34.7<47) MACD=True => BLOCK
2026-06-08 09:04:04,063 [INFO] [STATE] PE NFO:NIFTY2660923200PE ltp=123.45 entry=119.95 pnl=+3.50(+2.9%) sl=98.36 peak=132.50 tr_armed=False elapsed=45min
2026-06-08 09:04:05,626 [INFO] [periodic] Logs pushed to GitHub: Nifty_FlightRecorder_V2_5_14_20260608_111343.log, Nifty_BarLevel_V2_5_14_20260608_111343.csv
2026-06-08 09:09:19,990 [INFO] [INDICATORS] spot=23159.9 | 1h: close=23156.8 sma20=23348.9 sma50=23459.3 rsi=34.7 macd=-71.07/-55.07(bear) | 15m: K=2.7↓(prev 11.0) | regime=PE-eligible halted=False active=True
2026-06-08 09:09:19,991 [INFO] [SIGNAL] CE: reg=False K=False(K=2.7>=38,rising) Kextr=True RSI=False(34.7>53) MACD=False => BLOCK | PE: reg=True K=False(K=2.7<=80,falling) Kextr=False RSI=True(34.7<47) MACD=True => BLOCK
2026-06-08 09:09:19,991 [INFO] [STATE] PE NFO:NIFTY2660923200PE ltp=122.85 entry=119.95 pnl=+2.90(+2.4%) sl=98.36 peak=132.50 tr_armed=False elapsed=50min
2026-06-08 09:09:21,506 [INFO] [periodic] Logs pushed to GitHub: Nifty_FlightRecorder_V2_5_14_20260608_111343.log, Nifty_BarLevel_V2_5_14_20260608_111343.csv
2026-06-08 09:14:35,686 [INFO] [INDICATORS] spot=23169.6 | 1h: close=23156.8 sma20=23348.9 sma50=23459.3 rsi=34.7 macd=-71.07/-55.07(bear) | 15m: K=2.7↓(prev 11.0) | regime=PE-eligible halted=False active=True
2026-06-08 09:14:35,686 [INFO] [SIGNAL] CE: reg=False K=False(K=2.7>=38,rising) Kextr=True RSI=False(34.7>53) MACD=False => BLOCK | PE: reg=True K=False(K=2.7<=80,falling) Kextr=False RSI=True(34.7<47) MACD=True => BLOCK
2026-06-08 09:14:35,686 [INFO] [STATE] PE NFO:NIFTY2660923200PE ltp=115.80 entry=119.95 pnl=-4.15(-3.5%) sl=98.36 peak=132.50 tr_armed=False elapsed=55min
2026-06-08 09:14:37,248 [INFO] [periodic] Logs pushed to GitHub: Nifty_FlightRecorder_V2_5_14_20260608_111343.log, Nifty_BarLevel_V2_5_14_20260608_111343.csv
2026-06-08 09:19:52,192 [INFO] [INDICATORS] spot=23177.9 | 1h: close=23156.8 sma20=23348.9 sma50=23459.3 rsi=34.7 macd=-71.07/-55.07(bear) | 15m: K=17.8↑(prev 2.6) | regime=PE-eligible halted=False active=True
2026-06-08 09:19:52,192 [INFO] [SIGNAL] CE: reg=False K=False(K=17.8>=38,rising) Kextr=True RSI=False(34.7>53) MACD=False => BLOCK | PE: reg=True K=False(K=17.8<=80,falling) Kextr=False RSI=True(34.7<47) MACD=True => BLOCK
2026-06-08 09:19:52,192 [INFO] [STATE] PE NFO:NIFTY2660923200PE ltp=109.00 entry=119.95 pnl=-10.95(-9.1%) sl=98.36 peak=132.50 tr_armed=False elapsed=61min
2026-06-08 09:19:53,711 [INFO] [periodic] Logs pushed to GitHub: Nifty_FlightRecorder_V2_5_14_20260608_111343.log, Nifty_BarLevel_V2_5_14_20260608_111343.csv
2026-06-08 09:25:08,059 [INFO] [INDICATORS] spot=23176.9 | 1h: close=23156.8 sma20=23348.9 sma50=23459.3 rsi=34.7 macd=-71.07/-55.07(bear) | 15m: K=17.8↑(prev 2.6) | regime=PE-eligible halted=False active=True
2026-06-08 09:25:08,060 [INFO] [SIGNAL] CE: reg=False K=False(K=17.8>=38,rising) Kextr=True RSI=False(34.7>53) MACD=False => BLOCK | PE: reg=True K=False(K=17.8<=80,falling) Kextr=False RSI=True(34.7<47) MACD=True => BLOCK
2026-06-08 09:25:08,060 [INFO] [STATE] PE NFO:NIFTY2660923200PE ltp=113.00 entry=119.95 pnl=-6.95(-5.8%) sl=98.36 peak=132.50 tr_armed=False elapsed=66min
2026-06-08 09:25:09,650 [INFO] [periodic] Logs pushed to GitHub: Nifty_FlightRecorder_V2_5_14_20260608_111343.log, Nifty_BarLevel_V2_5_14_20260608_111343.csv
2026-06-08 09:30:24,546 [INFO] [INDICATORS] spot=23152.0 | 1h: close=23156.8 sma20=23348.9 sma50=23459.3 rsi=34.7 macd=-71.07/-55.07(bear) | 15m: K=35.4↑(prev 17.9) | regime=PE-eligible halted=False active=True
2026-06-08 09:30:24,546 [INFO] [SIGNAL] CE: reg=False K=False(K=35.4>=38,rising) Kextr=True RSI=False(34.7>53) MACD=False => BLOCK | PE: reg=True K=False(K=35.4<=80,falling) Kextr=False RSI=True(34.7<47) MACD=True => BLOCK
2026-06-08 09:30:24,546 [INFO] [STATE] PE NFO:NIFTY2660923200PE ltp=122.05 entry=119.95 pnl=+2.10(+1.8%) sl=98.36 peak=132.50 tr_armed=False elapsed=71min
2026-06-08 09:30:26,644 [INFO] [periodic] Logs pushed to GitHub: Nifty_FlightRecorder_V2_5_14_20260608_111343.log, Nifty_BarLevel_V2_5_14_20260608_111343.csv
2026-06-08 09:34:39,617 [INFO] [TRAIL] SL ratcheted 130.65 → 132.90  (peak=137.90)
2026-06-08 09:35:11,071 [INFO] [TRAIL] SL ratcheted 132.90 → 138.05  (peak=143.05)
2026-06-08 09:35:42,517 [INFO] [TRAIL] SL ratcheted 138.05 → 141.00  (peak=146.00)
2026-06-08 09:35:42,753 [INFO] [INDICATORS] spot=23109.5 | 1h: close=23156.8 sma20=23348.9 sma50=23459.3 rsi=34.7 macd=-71.07/-55.07(bear) | 15m: K=35.4↑(prev 17.9) | regime=PE-eligible halted=False active=True
2026-06-08 09:35:42,753 [INFO] [SIGNAL] CE: reg=False K=False(K=35.4>=38,rising) Kextr=True RSI=False(34.7>53) MACD=False => BLOCK | PE: reg=True K=False(K=35.4<=80,falling) Kextr=False RSI=True(34.7<47) MACD=True => BLOCK
2026-06-08 09:35:42,753 [INFO] [STATE] PE NFO:NIFTY2660923200PE ltp=146.00 entry=119.95 pnl=+26.05(+21.7%) sl=141.00 peak=146.00 tr_armed=True elapsed=77min
2026-06-08 09:35:44,354 [INFO] [periodic] Logs pushed to GitHub: Nifty_FlightRecorder_V2_5_14_20260608_111343.log, Nifty_BarLevel_V2_5_14_20260608_111343.csv
2026-06-08 09:36:47,021 [INFO] EXIT: NFO:NIFTY2660923200PE @ 141.00 reason=TRAIL_+21 pnl/sh=+21.05 is_flip=False losses=0/3
2026-06-08 09:40:55,455 [INFO] [INDICATORS] spot=23131.3 | 1h: close=23156.8 sma20=23348.9 sma50=23459.3 rsi=34.7 macd=-71.07/-55.07(bear) | 15m: K=35.4↑(prev 17.9) | regime=PE-eligible halted=False active=False
2026-06-08 09:40:55,456 [INFO] [SIGNAL] CE: reg=False K=False(K=35.4>=38,rising) Kextr=True RSI=False(34.7>53) MACD=False => BLOCK | PE: reg=True K=False(K=35.4<=80,falling) Kextr=False RSI=True(34.7<47) MACD=True => BLOCK
2026-06-08 09:40:56,977 [INFO] [periodic] Logs pushed to GitHub: Nifty_FlightRecorder_V2_5_14_20260608_111343.log, Nifty_BarLevel_V2_5_14_20260608_111343.csv
2026-06-08 09:46:07,313 [INFO] [INDICATORS] spot=23125.5 | 1h: close=23134.5 sma20=23335.7 sma50=23444.1 rsi=33.5 macd=-77.06/-59.47(bear) | 15m: K=37.0↑(prev 35.4) | regime=PE-eligible halted=False active=False
2026-06-08 09:46:07,314 [INFO] [SIGNAL] CE: reg=False K=False(K=37.0>=38,rising) Kextr=True RSI=False(33.5>53) MACD=False => BLOCK | PE: reg=True K=False(K=37.0<=80,falling) Kextr=False RSI=True(33.5<47) MACD=True => BLOCK
2026-06-08 09:46:08,812 [INFO] [periodic] Logs pushed to GitHub: Nifty_FlightRecorder_V2_5_14_20260608_111343.log, Nifty_BarLevel_V2_5_14_20260608_111343.csv
2026-06-08 09:51:20,877 [INFO] [INDICATORS] spot=23118.9 | 1h: close=23134.5 sma20=23335.7 sma50=23444.1 rsi=33.5 macd=-77.06/-59.47(bear) | 15m: K=37.0↑(prev 35.4) | regime=PE-eligible halted=False active=False
2026-06-08 09:51:20,878 [INFO] [SIGNAL] CE: reg=False K=False(K=37.0>=38,rising) Kextr=True RSI=False(33.5>53) MACD=False => BLOCK | PE: reg=True K=False(K=37.0<=80,falling) Kextr=False RSI=True(33.5<47) MACD=True => BLOCK
2026-06-08 09:51:22,314 [INFO] [periodic] Logs pushed to GitHub: Nifty_FlightRecorder_V2_5_14_20260608_111343.log, Nifty_BarLevel_V2_5_14_20260608_111343.csv
2026-06-08 09:56:32,681 [INFO] [INDICATORS] spot=23097.1 | 1h: close=23134.5 sma20=23335.7 sma50=23444.1 rsi=33.5 macd=-77.06/-59.47(bear) | 15m: K=37.0↑(prev 35.4) | regime=PE-eligible halted=False active=False
2026-06-08 09:56:32,681 [INFO] [SIGNAL] CE: reg=False K=False(K=37.0>=38,rising) Kextr=True RSI=False(33.5>53) MACD=False => BLOCK | PE: reg=True K=False(K=37.0<=80,falling) Kextr=False RSI=True(33.5<47) MACD=True => BLOCK
