2026-06-12 03:30:22,307 [INFO] [STATE] State from 2026-06-10 — resetting trades_today for 2026-06-12
2026-06-12 03:30:22,307 [INFO] [STATE] Loaded prior state. POS.active=False losses=0
2026-06-12 03:30:24,622 [INFO] [BOOT] Nifty FUT token: 15956226 expiry=2026-06-30 sym=NIFTY26JUNFUT
2026-06-12 03:30:24,639 [INFO] [BOOT] Expiry: 2026-06-16, 99 strikes, 198 option contracts
2026-06-12 03:30:24,798 [ERROR] ['Traceback (most recent call last):\n', '  File "/home/selukar_amol123/.local/lib/python3.11/site-packages/tradingapi_b/mconnect.py", line 55, in login\n    login_response=self._post(\n                   ^^^^^^^^^^^\n', '  File "/home/selukar_amol123/.local/lib/python3.11/site-packages/tradingapi_b/mconnect.py", line 545, in _post\n    return self._request(route, "POST", url_args=url_args,content_type=content_type, params=params, is_json=is_json, query_params=query_params)\n           ^^^^^^^^^^^^^^^^^^^^^^^^^^^^^^^^^^^^^^^^^^^^^^^^^^^^^^^^^^^^^^^^^^^^^^^^^^^^^^^^^^^^^^^^^^^^^^^^^^^^^^^^^^^^^^^^^^^^^^^^^^^^^^^^^^^^\n', '  File "/home/selukar_amol123/.local/lib/python3.11/site-packages/tradingapi_b/mconnect.py", line 638, in _request\n    raise ex.DataException("Unknown Content-Type ({content_type}) with response: ({content})".format(\n', 'tradingapi_b.exceptions.DataException: Unknown Content-Type (text/html) with response: (b\'<html>\\r\\n<head><title>502 Bad Gateway</title><script>var __uzdbm_1 = "29e5dd68-8c63-4a57-b9bf-1bf657629834";var __uzdbm_2 = "MzMyMzAyODUtZGhqcS00OWFmLTg1ZGYtYjIwYTJjNmMzOGRhJDM0LjEwMC4xNzAuMjUz";var __uzdbm_3 = "";var __uzdbm_4 = "false";var __uzdbm_5 = "";var __uzdbm_6 = "";var __uzdbm_7 = "";</script> <script>   (function (w, d, e, u, c, g, a, b) {     w["SSJSConnectorObj"] = w["SSJSConnectorObj"] || {       ss_cid: c,       domain_info: "auto",     };     w[g] = function (i, j) {       w["SSJSConnectorObj"][i] = j;     };     a = d.createElement(e);     a.async = true;     if (       navigator.userAgent.indexOf(\\\'MSIE\\\') !== -1 ||       navigator.appVersion.indexOf(\\\'Trident/\\\') > -1     ) {       u = u.replace("/advanced/", "/advanced/ie/");     }     a.src = u;     b = d.getElementsByTagName(e)[0];     b.parentNode.insertBefore(a, b);   })(     window, document, "script", "https://api.mstock.trade/18f5227b-e27b-445a-a53f-f845fbe69b40/stormcaster.js", "dhjs", "ssConf"   );   ssConf("c1", "https://api.mstock.trade");   ssConf("c3", "c99a4269-161c-4242-a3f0-28d44fa6ce24");   ssConf("au", "api.mstock.trade");   ssConf("cu", "validate.perfdrive.com, ssc"); </script></head>\\r\\n<body>\\r\\n<center><h1>502 Bad Gateway</h1></center>\\r\\n</body>\\r\\n</html>\\r\\n\')\n']
2026-06-12 03:30:24,799 [ERROR] [mstock] Login failed: ['Traceback (most recent call last):\n', '  File "/home/selukar_amol123/.local/lib/python3.11/site-packages/tradingapi_b/mconnect.py", line 55, in login\n    login_response=self._post(\n                   ^^^^^^^^^^^\n', '  File "/home/selukar_amol123/.local/lib/python3.11/site-packages/tradingapi_b/mconnect.py", line 545, in _post\n    return self._request(route, "POST", url_args=url_args,content_type=content_type, params=params, is_json=is_json, query_params=query_params)\n           ^^^^^^^^^^^^^^^^^^^^^^^^^^^^^^^^^^^^^^^^^^^^^^^^^^^^^^^^^^^^^^^^^^^^^^^^^^^^^^^^^^^^^^^^^^^^^^^^^^^^^^^^^^^^^^^^^^^^^^^^^^^^^^^^^^^^\n', '  File "/home/selukar_amol123/.local/lib/python3.11/site-packages/tradingapi_b/mconnect.py", line 638, in _request\n    raise ex.DataException("Unknown Content-Type ({content_type}) with response: ({content})".format(\n', 'tradingapi_b.exceptions.DataException: Unknown Content-Type (text/html) with response: (b\'<html>\\r\\n<head><title>502 Bad Gateway</title><script>var __uzdbm_1 = "29e5dd68-8c63-4a57-b9bf-1bf657629834";var __uzdbm_2 = "MzMyMzAyODUtZGhqcS00OWFmLTg1ZGYtYjIwYTJjNmMzOGRhJDM0LjEwMC4xNzAuMjUz";var __uzdbm_3 = "";var __uzdbm_4 = "false";var __uzdbm_5 = "";var __uzdbm_6 = "";var __uzdbm_7 = "";</script> <script>   (function (w, d, e, u, c, g, a, b) {     w["SSJSConnectorObj"] = w["SSJSConnectorObj"] || {       ss_cid: c,       domain_info: "auto",     };     w[g] = function (i, j) {       w["SSJSConnectorObj"][i] = j;     };     a = d.createElement(e);     a.async = true;     if (       navigator.userAgent.indexOf(\\\'MSIE\\\') !== -1 ||       navigator.appVersion.indexOf(\\\'Trident/\\\') > -1     ) {       u = u.replace("/advanced/", "/advanced/ie/");     }     a.src = u;     b = d.getElementsByTagName(e)[0];     b.parentNode.insertBefore(a, b);   })(     window, document, "script", "https://api.mstock.trade/18f5227b-e27b-445a-a53f-f845fbe69b40/stormcaster.js", "dhjs", "ssConf"   );   ssConf("c1", "https://api.mstock.trade");   ssConf("c3", "c99a4269-161c-4242-a3f0-28d44fa6ce24");   ssConf("au", "api.mstock.trade");   ssConf("cu", "validate.perfdrive.com, ssc"); </script></head>\\r\\n<body>\\r\\n<center><h1>502 Bad Gateway</h1></center>\\r\\n</body>\\r\\n</html>\\r\\n\')\n']
2026-06-12 03:30:24,799 [WARNING] [mstock] Login returned False at boot — live orders DISABLED.
2026-06-12 03:30:25,975 [WARNING] [OI Plan] Stale plan (2026-06-01) — ignoring for today's levels
2026-06-12 03:30:25,975 [INFO] [OI Plan] No valid plan found — running without OI levels (normal mode)
2026-06-12 03:30:25,975 [INFO] 
2026-06-12 03:30:25,975 [INFO] +========================================================================+
2026-06-12 03:30:25,975 [INFO] | ORION V2.5.14 — STRATEGY DESIGN                                        |
2026-06-12 03:30:25,975 [INFO] | Backtest: 363 trades | PnL Rs +6,88,158 | WR 64.5% | MaxDD -1,119     |
2026-06-12 03:30:25,975 [INFO] +========================================================================+
2026-06-12 03:30:25,976 [INFO] | ENGINE V2 (fires every 15m close — regime: BULL/BEAR/TRANSITION only)  |
2026-06-12 03:30:25,976 [INFO] |   CE: 1h close>SMA20>SMA50 | K>=38 rising | K<25 recently             |
2026-06-12 03:30:25,976 [INFO] |        RSI>53 | MACD bull | premium 30-180                             |
2026-06-12 03:30:25,976 [INFO] |   PE: 1h close<SMA20<SMA50 | K<=80 falling K>=25 | K>75 recently      |
2026-06-12 03:30:25,976 [INFO] |        RSI<47 | MACD bear | premium 30-300                             |
2026-06-12 03:30:25,976 [INFO] |                                                                         |
2026-06-12 03:30:25,976 [INFO] | ENGINE V3 (15m G/R cluster break/reject — fires in any regime)         |
2026-06-12 03:30:25,976 [INFO] |   Grade A (>=3 source kinds) / Grade B (>=2)                           |
2026-06-12 03:30:25,976 [INFO] |   PDC excluded from clusters; G/R need >=25pt buffer from PDC          |
2026-06-12 03:30:25,976 [INFO] |   premium 30-180 CE / 30-300 PE                                        |
2026-06-12 03:30:25,976 [INFO] |                                                                         |
2026-06-12 03:30:25,976 [INFO] | ENGINE VWAP (triple confirmation — fires in any regime)                 |
2026-06-12 03:30:25,976 [INFO] |   1. Nifty FUTURES 15m close crosses FUT VWAP, body>=65% (PRIMARY)     |
2026-06-12 03:30:25,976 [INFO] |   2. Nifty SPOT 15m close same direction above/below spot VWAP         |
2026-06-12 03:30:25,976 [INFO] |   3. ATM CE/PE LTP also above/below its daily VWAP simultaneously      |
2026-06-12 03:30:25,976 [INFO] |   premium 30-180 CE / 30-300 PE                                        |
2026-06-12 03:30:25,976 [INFO] |                                                                         |
2026-06-12 03:30:25,976 [INFO] | ENGINE FLIP (opposite-side only, max 3/day, excluded from CB)          |
2026-06-12 03:30:25,976 [INFO] |   Path A (in-trade): elapsed>=30 + peak>=entry+15 + LTP<=entry+10      |
2026-06-12 03:30:25,976 [INFO] |   Path B (post-exit): K reversal within 60min                          |
2026-06-12 03:30:25,976 [INFO] |                                                                         |
2026-06-12 03:30:25,976 [INFO] | UNIVERSAL EXIT (priority order):                                        |
2026-06-12 03:30:25,976 [INFO] |   1. HARDSL -18%                                                        |
2026-06-12 03:30:25,976 [INFO] |   2. Continuous trail: arms when peak>=entry+15, SL=peak-5             |
2026-06-12 03:30:25,976 [INFO] |      floor=entry+10, ratchets up with peak (never down)                |
2026-06-12 03:30:25,976 [INFO] |   3. VWAP trades: exit when opt 15m close < opt VWAP                  |
2026-06-12 03:30:25,976 [INFO] |   4. V2/V3/FLIP trades: SMA8(low) trail on 15m                        |
2026-06-12 03:30:25,976 [INFO] |   5. Force close 15:25  6. CB=3 non-flip losses                        |
2026-06-12 03:30:25,976 [INFO] |                                                                         |
2026-06-12 03:30:25,976 [INFO] | INFORMATIONAL (no trade gate): Straddle alerts | Options VWAP          |
2026-06-12 03:30:25,976 [INFO] +========================================================================+
2026-06-12 03:30:25,976 [INFO] 
2026-06-12 03:30:25,976 [INFO] === ORION CHANGE HISTORY (V2.2.2 -> V2.5.9) ===
2026-06-12 03:30:25,976 [INFO] 
2026-06-12 03:30:25,976 [INFO] V2.2.2 [PRODUCTION BASELINE — T10]
2026-06-12 03:30:25,976 [INFO]   Entry : 1h SMA20/50 regime + 15m StochRSI K (CE>=38 rising, PE<=80 falling)
2026-06-12 03:30:25,977 [INFO]   Exit  : HARDSL -35%, TIME_SL 210min/-20%, BE +15% -> option SMA8(low) trail
2026-06-12 03:30:25,977 [INFO]   CB=2, 1 lot, no flip, no V3, no chop filter
2026-06-12 03:30:25,977 [INFO] 
2026-06-12 03:30:25,977 [INFO] V2.3  [+V3 CLUSTER LEVELS]
2026-06-12 03:30:25,977 [INFO]   + PDH/PDL/round_50/round_100/PDC/1h swing pivots clustered within 20pts
2026-06-12 03:30:25,977 [INFO]   + Grade A (>=3 source kinds) / Grade B (>=2)
2026-06-12 03:30:25,977 [INFO]   + ADX regime classifier (BULL/BEAR/CHOP/TRANSITION)
2026-06-12 03:30:25,977 [INFO] 
2026-06-12 03:30:25,977 [INFO] V2.4  [+EXIT UPGRADES]
2026-06-12 03:30:25,977 [INFO]   + 15m option SMA8(low) trail (KEPT in all future versions)
2026-06-12 03:30:25,977 [INFO]   + ATR-based exits (REMOVED — not robust enough)
2026-06-12 03:30:25,977 [INFO]   + BE armor at +15% (REMOVED later — net negative in backtest)
2026-06-12 03:30:25,977 [INFO] 
2026-06-12 03:30:25,977 [INFO] V2.5.0  [HYBRID V2+V3 + TIME-RATCHET]
2026-06-12 03:30:25,977 [INFO]   + Hybrid V2+V3 entry (V2 priority on same-bar tiebreak)
2026-06-12 03:30:25,977 [INFO]   + Time-ratchet exit: 90min / +20 step
2026-06-12 03:30:25,977 [INFO] 
2026-06-12 03:30:25,977 [INFO] V2.5.1  [ENTRY REFINEMENT]
2026-06-12 03:30:25,977 [INFO]   + V2 PE_floor=25 (K>=25 required for PE entry)
2026-06-12 03:30:25,977 [INFO]   + V2 CE: no upper K cap (cap tested and REJECTED — hurts WR)
2026-06-12 03:30:25,977 [INFO]   + V2 priority confirmed: +Rs 52k vs V3-priority
2026-06-12 03:30:25,977 [INFO] 
2026-06-12 03:30:25,977 [INFO] V2.5.2  [FLIP RULE +Rs 130k]
2026-06-12 03:30:25,977 [INFO]   + Path A flip (in-trade): elapsed>=30 + peak>=entry+15 + LTP<=entry+10 + K reversed
2026-06-12 03:30:25,977 [INFO]   + Path B flip (post-exit): K reversal within 60min
2026-06-12 03:30:25,977 [INFO]   + Opposite-side only (same-side continuation REJECTED: -Rs 191k CATASTROPHIC)
2026-06-12 03:30:25,977 [INFO]   + CE->PE: K falling, 25<=K<=80 | PE->CE: K rising, K>=38
2026-06-12 03:30:25,977 [INFO] 
2026-06-12 03:30:25,977 [INFO] V2.5.3  [V3 SINGLETONS + HARDSL LOCKED]
2026-06-12 03:30:25,977 [INFO]   + Promoted singletons: PDH/PDL/round_100(+-200 PDC)/swing pivots standalone Grade B
2026-06-12 03:30:25,977 [INFO]   + HARDSL locked at -25% (swept -35% to -15%; -25% optimal)
2026-06-12 03:30:25,977 [INFO]   + PnL Rs +3,14,418
2026-06-12 03:30:25,977 [INFO] 
2026-06-12 03:30:25,977 [INFO] V2.5.4  [FLIP CAP]
2026-06-12 03:30:25,977 [INFO]   + MAX_FLIPS_PER_DAY=3 (flips 1-3 win Rs 131k; flips 4+ lose Rs 21k)
2026-06-12 03:30:25,977 [INFO]   + PnL Rs +3,23,851
2026-06-12 03:30:25,977 [INFO] 
2026-06-12 03:30:25,977 [INFO] V2.5.5  [CHOP FILTER +Rs 49k]
2026-06-12 03:30:25,977 [INFO]   + RSI [47,53] indecision band blocks ALL entries
2026-06-12 03:30:25,978 [INFO]   + PnL Rs +3,72,598
2026-06-12 03:30:25,978 [INFO] 
2026-06-12 03:30:25,978 [INFO] V2.5.6  [V3 PDC CONTAMINATION FIX — LOCKED Rs 3,85,724 / WR 35.7%]
2026-06-12 03:30:25,978 [INFO]   + Exclude PDC from clustering (PDC is reference, not tradeable level)
2026-06-12 03:30:25,978 [INFO]   + G/R require >=25pt buffer from PDC (motivated by 2026-05-18 bad paper trade)
2026-06-12 03:30:25,978 [INFO]   + PnL Rs +3,85,724 / MaxDD -1,331 / Red 5/18
2026-06-12 03:30:25,978 [INFO] 
2026-06-12 03:30:25,978 [INFO] V2.5.7  [VELVET ROPE + RATCHET +Rs 1,14,324 / WR 35.7%->55.4%]
2026-06-12 03:30:25,978 [INFO]   + Velvet Rope: premium hits entry+15 -> SL immediately to entry+2
2026-06-12 03:30:25,978 [INFO]   + Ratchet Gate: 30min elapsed + entry+25 -> SL to entry+15
2026-06-12 03:30:25,978 [INFO]   + Runner Trail: +20 per +20pts peak (one-way)
2026-06-12 03:30:25,978 [INFO]   + Trade-off: Red months 5->10/18, MaxDD -1,331->-1,885
2026-06-12 03:30:25,978 [INFO] 
2026-06-12 03:30:25,978 [INFO] V2.5.8  [K EXTREME + FULL SMA ALIGNMENT]
2026-06-12 03:30:25,978 [INFO]   + K extreme filter: CE entry only if K<25 recently (3 bars); PE if K>75 recently
2026-06-12 03:30:25,978 [INFO]   + Full SMA alignment: CE needs close>SMA20>SMA50 (was just close>SMA20)
2026-06-12 03:30:25,978 [INFO] 
2026-06-12 03:30:25,978 [INFO] V2.5.9  [Rs 6,70,425 / WR 66.9% / 357 trades / MaxDD -1,485 / Red 8/18]
2026-06-12 03:30:25,978 [INFO]   + RSI DIRECTIONAL GATE replaces RSI [47,53] chop filter:
2026-06-12 03:30:25,978 [INFO]       CE: 1h RSI>53 required | PE: 1h RSI<47 required
2026-06-12 03:30:25,978 [INFO]   + MACD 1h alignment: CE needs MACD_line>signal; PE needs MACD_line<signal
2026-06-12 03:30:25,978 [INFO]   + Premium gate: 30<=entry_LTP<=180 (blocks deep OTM and IV-spike entries)
2026-06-12 03:30:25,978 [INFO]   + Tightened exit params: RI=12 (was 15), RT=20 (was 30), RS=25 (was 20)
2026-06-12 03:30:25,978 [INFO]   + CB=3 (was 4)
2026-06-12 03:30:25,978 [INFO]   + Straddle monitoring: informational Telegram at 9:45 and 11:30
2026-06-12 03:30:25,978 [INFO]   + Options VWAP: informational context at entry/pulse/exit
2026-06-12 03:30:25,978 [INFO] 
2026-06-12 03:30:25,978 [INFO] V2.5.12 [CURRENT LOCKED — Rs 6,88,158 / WR 64.5% / 363 trades / MaxDD -1,119 / Red 5/18]
2026-06-12 03:30:25,978 [INFO]   SOURCE: VRL (Vishal Rajput) code analysis — peak-based ratchet ladder
2026-06-12 03:30:25,978 [INFO]   + HARDSL tightened -25% → -18% (faster loss cut, less capital exposed)
2026-06-12 03:30:25,978 [INFO]   + 20-min time gate REMOVED — purely peak-based ladder (no waiting)
2026-06-12 03:30:25,978 [INFO]   + Ladder Tier2: peak >= entry+24 → SL = entry+12 (immediate)
2026-06-12 03:30:25,978 [INFO]   + Ladder Tier3: peak >= entry+36 → SL = entry+24 (immediate)
2026-06-12 03:30:25,978 [INFO]   + Entry logic UNCHANGED from V2.5.9
2026-06-12 03:30:25,978 [INFO]   + Validated: real option data (May 4-21 2026, 12 days)
2026-06-12 03:30:25,978 [INFO]   + Key improvement: MaxDD -1,485 → -1,119 (-25%), Red months 8 → 5
2026-06-12 03:30:25,978 [INFO] 
2026-06-12 03:30:25,978 [INFO] V2.5.12-LIVE [2026-05-29 — FIRST LIVE TRADING SESSION WITH mSTOCK EXECUTION]
2026-06-12 03:30:25,979 [INFO]   + EXECUTION_BROKER switched from kite_paper → mstock_live
2026-06-12 03:30:25,979 [INFO]   + mStock Type B API integrated: login → set_access_token → verify_totp (TOTP auto)
2026-06-12 03:30:25,979 [INFO]   + Instrument master: direct fetch from OpenAPIScripMaster (173k symbols, name field)
2026-06-12 03:30:25,979 [INFO]   + order_status: mStock returns 'Traded' status (not 'COMPLETE') — mapped correctly
2026-06-12 03:30:25,979 [INFO]   + place_order: disclosedquantity="0" required (blank causes IA400 rejection)
2026-06-12 03:30:25,979 [INFO]   + IP 18.212.243.203 (PythonAnywhere) whitelisted in mStock API settings
2026-06-12 03:30:25,979 [INFO]   + BUY: 15s timeout, cancel-and-check on timeout, abort if not filled
2026-06-12 03:30:25,979 [INFO]   + SELL: 3 retries × 5s, 🚨 CRITICAL Telegram alert if all fail, POS.active stays True
2026-06-12 03:30:25,979 [INFO]   + V3 REGIME GATE REMOVED: V3 now fires in CHOP/INSUFFICIENT regime
2026-06-12 03:30:25,979 [INFO]       Root cause of bug: regime gate wrapped ALL signals including V3;
2026-06-12 03:30:25,979 [INFO]       V3 uses cluster break/reject as its own confirmation — ADX not needed
2026-06-12 03:30:25,979 [INFO]       V2 and FLIP remain regime-gated (BULL/BEAR/TRANSITION only)
2026-06-12 03:30:25,979 [INFO]   + V3 engine: acts on ALL Grade A/B clusters simultaneously (not just nearest)
2026-06-12 03:30:25,979 [INFO]   + PREMIUM_MAX asymmetric: CE=180 (unchanged), PE=300 (was 180, captures panic moves)
2026-06-12 03:30:25,979 [INFO]   + VWAP double confirmation engine (new):
2026-06-12 03:30:25,979 [INFO]       Fires when Nifty 15m bar crosses daily VWAP with body>=50% range
2026-06-12 03:30:25,979 [INFO]       AND ATM CE/PE LTP is also above/below its daily VWAP simultaneously
2026-06-12 03:30:25,979 [INFO]       Self-confirming like V3 — no regime gate
2026-06-12 03:30:25,979 [INFO]   + LOTS_PER_TRADE = 2 (live)
2026-06-12 03:30:25,979 [INFO] 
2026-06-12 03:30:25,979 [INFO] V2.5.13 [VWAP TRAIL EXIT + BOOT SELF-TEST + STABILITY FIXES]
2026-06-12 03:30:25,979 [INFO]   + VWAP engine trades: trail exit uses option's own VWAP (15m close < option VWAP)
2026-06-12 03:30:25,979 [INFO]     instead of SMA8(low) trail — holds through pullbacks better on VWAP-confirmed moves
2026-06-12 03:30:25,979 [INFO]   + V2/V3/FLIP trades: keep original SMA8(low) trail (unchanged)
2026-06-12 03:30:25,979 [INFO]   + Boot self-test: BUY (LIMIT ₹0.05) + SELL (LIMIT ₹9999) on deep OTM option at startup
2026-06-12 03:30:25,979 [INFO]     Both must succeed and cancel cleanly or bot aborts — confirms mStock connectivity + IP
2026-06-12 03:30:25,979 [INFO]   + MStockBroker class inlined into single .py file (no separate mstock_broker.py)
2026-06-12 03:30:25,979 [INFO]   + IA403 recovery: rebuilds SDK client from scratch on IP mismatch, 3 consecutive → halt
2026-06-12 03:30:25,979 [INFO]   + Position sync cooldown: 180s → 300s (avoids false MANUAL_EXIT on slow fills)
2026-06-12 03:30:25,979 [INFO]   + MANUAL_EXIT fix: clears buy_order_id before close_trade to prevent duplicate SELL
2026-06-12 03:30:25,979 [INFO]   + State file: added date field, resets trades_today/losses on new day boundary
2026-06-12 03:30:25,979 [INFO]   + VWAP dedup log spam removed (silent return on same-bar re-fire)
2026-06-12 03:30:25,979 [INFO] 
2026-06-12 03:30:25,979 [INFO] V2.5.14 [TIERED PROFIT LOCK LADDER — inspired by VRL]
2026-06-12 03:30:25,979 [INFO]   + Replaced sparse 3-tier ratchet (Velvet Rope + T2 + T3 + Runner) with 7-tier ladder
2026-06-12 03:30:25,979 [INFO]   + Ladder: +12→+2, +18→+8, +24→+12, +30→+20, +36→+24, +40→+30, +50→+40
2026-06-12 03:30:25,979 [INFO]   + More tiers = less profit give-back on sharp reversals
2026-06-12 03:30:25,980 [INFO]   + Checked every tick (not candle-based) — same as before but tighter protection
2026-06-12 03:30:25,980 [INFO]   + Unified code: single loop replaces 3 separate sections (3a/3b/3c → 3)
2026-06-12 03:30:25,980 [INFO]   + VWAP engine upgraded to TRIPLE confirmation:
2026-06-12 03:30:25,980 [INFO]     Gate 1 (PRIMARY): Nifty FUTURES 15m close crosses futures VWAP, body >= 50%
2026-06-12 03:30:25,980 [INFO]     Gate 2: Nifty SPOT 15m close same direction above/below spot VWAP
2026-06-12 03:30:25,980 [INFO]     Gate 3: ATM option LTP above/below option's own VWAP
2026-06-12 03:30:25,980 [INFO]   + Futures VWAP is now the primary decision criterion — real margin-backed money
2026-06-12 03:30:25,980 [INFO]   + Nifty FUT token auto-resolved from Kite instruments at boot (no hardcoding)
2026-06-12 03:30:25,980 [INFO] 
2026-06-12 03:30:25,980 [INFO] === REJECTED DECISIONS (DO NOT RE-ADD WITHOUT NEW BACKTEST EVIDENCE) ===
2026-06-12 03:30:25,980 [INFO]   SKIP_HOUR_13         : -Rs 46k (kills profitable flips in that window)
2026-06-12 03:30:25,980 [INFO]   SKIP_TUESDAYS        : +Rs 56k but calendar-overfit; RSI gate replaces
2026-06-12 03:30:25,980 [INFO]   ADX<20 filter        : -Rs 16k
2026-06-12 03:30:25,980 [INFO]   ADX<25 filter        : -Rs 34k
2026-06-12 03:30:25,980 [INFO]   BE armor at +15%     : net negative
2026-06-12 03:30:25,980 [INFO]   Same-side flip       : -Rs 191k CATASTROPHIC
2026-06-12 03:30:25,980 [INFO]   REVERSAL_FLIP=True   : WR 12% vs 33%
2026-06-12 03:30:25,980 [INFO]   K cap on CE          : hurts WR (no cap is better)
2026-06-12 03:30:25,980 [INFO]   V2.5.10 macro SMA50  : -Rs 2.3L vs V2.5.9; lagging filter blocked PE in bear phases
2026-06-12 03:30:25,980 [INFO]   V2.5.11 straddle halt: straddle expansion days WR 69.8% > normal 66.9%;
2026-06-12 03:30:25,980 [INFO]                          halting on expansion removed profitable trades (+Rs 2,54,234 phantom)
2026-06-12 03:30:31,223 [INFO] [boot] Logs pushed to GitHub: Nifty_FlightRecorder_V2_5_14_20260612_090022.log, Nifty_BarLevel_V2_5_14_20260612_090022.csv
2026-06-12 03:30:31,394 [INFO] [INDICATORS] spot=23186.5 | 1h: close=23165.8 sma20=23244.8 sma50=23296.6 rsi=42.4 macd=-24.47/-21.72(bear) | 15m: K=0.0↓(prev 13.9) | regime=PE-eligible halted=False active=False
2026-06-12 03:30:31,394 [INFO] [SIGNAL] CE: reg=False K=False(K=0.0>=38,rising) Kextr=True RSI=False(42.4>53) MACD=False => BLOCK | PE: reg=True K=False(K=0.0<=80,falling) Kextr=False RSI=True(42.4<47) MACD=True => BLOCK
2026-06-12 03:35:34,005 [INFO] [INDICATORS] spot=23186.5 | 1h: close=23165.8 sma20=23244.8 sma50=23296.6 rsi=42.4 macd=-24.47/-21.72(bear) | 15m: K=0.0↓(prev 13.9) | regime=PE-eligible halted=False active=False
2026-06-12 03:35:34,006 [INFO] [SIGNAL] CE: reg=False K=False(K=0.0>=38,rising) Kextr=True RSI=False(42.4>53) MACD=False => BLOCK | PE: reg=True K=False(K=0.0<=80,falling) Kextr=False RSI=True(42.4<47) MACD=True => BLOCK
2026-06-12 03:35:35,926 [INFO] [periodic] Logs pushed to GitHub: Nifty_FlightRecorder_V2_5_14_20260612_090022.log, Nifty_BarLevel_V2_5_14_20260612_090022.csv
2026-06-12 03:40:37,769 [INFO] [INDICATORS] spot=23186.5 | 1h: close=23165.8 sma20=23244.8 sma50=23296.6 rsi=42.4 macd=-24.47/-21.72(bear) | 15m: K=0.0↓(prev 13.9) | regime=PE-eligible halted=False active=False
2026-06-12 03:40:37,769 [INFO] [SIGNAL] CE: reg=False K=False(K=0.0>=38,rising) Kextr=True RSI=False(42.4>53) MACD=False => BLOCK | PE: reg=True K=False(K=0.0<=80,falling) Kextr=False RSI=True(42.4<47) MACD=True => BLOCK
2026-06-12 03:40:39,951 [INFO] [periodic] Logs pushed to GitHub: Nifty_FlightRecorder_V2_5_14_20260612_090022.log, Nifty_BarLevel_V2_5_14_20260612_090022.csv
2026-06-12 03:45:41,743 [INFO] [INDICATORS] spot=23423.0 | 1h: close=23186.5 sma20=23245.8 sma50=23290.6 rsi=44.3 macd=-26.41/-22.66(bear) | 15m: K=6.8↑(prev 0.0) | regime=PE-eligible halted=False active=False
2026-06-12 03:45:41,744 [INFO] [SIGNAL] CE: reg=False K=False(K=6.8>=38,rising) Kextr=True RSI=False(44.3>53) MACD=False => BLOCK | PE: reg=True K=False(K=6.8<=80,falling) Kextr=False RSI=True(44.3<47) MACD=True => BLOCK
2026-06-12 03:45:44,946 [INFO] [periodic] Logs pushed to GitHub: Nifty_FlightRecorder_V2_5_14_20260612_090022.log, Nifty_BarLevel_V2_5_14_20260612_090022.csv
2026-06-12 03:50:16,785 [INFO] [STRADDLE] Reference: ₹279.7 at 09:20
2026-06-12 03:50:46,951 [INFO] [INDICATORS] spot=23443.8 | 1h: close=23186.5 sma20=23245.8 sma50=23290.6 rsi=44.3 macd=-26.41/-22.66(bear) | 15m: K=6.8↑(prev 0.0) | regime=PE-eligible halted=False active=False
2026-06-12 03:50:46,951 [INFO] [SIGNAL] CE: reg=False K=False(K=6.8>=38,rising) Kextr=True RSI=False(44.3>53) MACD=False => BLOCK | PE: reg=True K=False(K=6.8<=80,falling) Kextr=False RSI=True(44.3<47) MACD=True => BLOCK
